Step: build-step-git-source-jenkins-x-**-docs-master-tekton-fm4jj:

{"level":"warn","ts":1557755840.2283413,"logger":"fallback-logger","caller":"logging/config.go:65","msg":"Fetch GitHub commit ID from kodata failed: \"ref: refs/heads/master\" is not a valid GitHub commit ID"}
{"level":"info","ts":1557755844.6100512,"logger":"fallback-logger","caller":"git/git.go:102","msg":"Successfully cloned https://github.com/jenkins-x/**-docs @ v0.0.278 in path /workspace/source"}
Step: build-step-git-merge:

Warning failed to load version: failed to parse version -dev+548a93a-dev+981c48321: No Major.Minor.Patch elements found
Using SHAs from PULL_REFS=master:a4dd0e7d794835c3db7c8d5a027cfcab432a46e6
time="2019-05-13T13:57:25Z" level=warning msg="no SHAs to merge, falling back to initial cloned commit"
Step: build-step-step2:

Cloning into 'jenkins-x-website'...
Step: build-step-step3:

Hugo Static Site Generator v0.49 linux/amd64 BuildDate: 2018-09-24T10:03:17Z
Step: build-step-step4:

[?25lBuilding sites … [?25h[K
                   | EN  | ZH   
+------------------+-----+-----+
  Pages            | 478 |  81  
  Paginator pages  |   3 |   0  
  Non-page files   |   1 |   1  
  Static files     | 253 | 253  
  Processed images |   0 |   0  
  Aliases          |  64 |   9  
  Sitemaps         |   2 |   1  
  Cleaned          |   0 |   0  

Total in 859 ms
Step: build-step-step5:

/workspace/source/jenkins-x-website /workspace/source
Generated Git credentials file /builder/home/git/credentials
[master 9e56a59] updated site
 485 files changed, 1509 insertions(+), 1515 deletions(-)
To https://github.com/jenkins-x/jenkins-x-website.git
   432cccd..9e56a59  master -> master
/workspace/source
