Step: build-step-git-source-jenkins-x-jenkins-x-platform-pr-bzct2:

{"level":"warn","ts":1557755893.4115198,"logger":"fallback-logger","caller":"logging/config.go:65","msg":"Fetch GitHub commit ID from kodata failed: \"ref: refs/heads/master\" is not a valid GitHub commit ID"}
{"level":"info","ts":1557755895.7363129,"logger":"fallback-logger","caller":"git/git.go:102","msg":"Successfully cloned https://github.com/jenkins-x/jenkins-x-platform @ 0f092f7fdc8152a9831540cf0a83c4ff849a6d07 in path /workspace/source"}
Step: build-step-git-merge:

Warning failed to load version: failed to parse version -dev+548a93a-dev+981c48321: No Major.Minor.Patch elements found
Using SHAs from PULL_REFS=master:dc4b9ae0b11002011ae3551aa7b103448aa6c60e,5401:0f092f7fdc8152a9831540cf0a83c4ff849a6d07
ran git fetch --unshallow origin 0f092f7fdc8152a9831540cf0a83c4ff849a6d07: dc4b9ae0b11002011ae3551aa7b103448aa6c60e: in 
ran git checkout master in 
ran git reset --hard dc4b9ae0b11002011ae3551aa7b103448aa6c60e in 
ran clean --force -d . in 
ran git merge 0f092f7fdc8152a9831540cf0a83c4ff849a6d07 in 
Step: build-step-step2:

cat: /builder/home/basic-auth-user.json: No such file or directory
cat: /builder/home/basic-auth-pass.json: No such file or directory
helm init --client-only
Creating /builder/home/.helm 
Creating /builder/home/.helm/repository 
Creating /builder/home/.helm/repository/cache 
Creating /builder/home/.helm/repository/local 
Creating /builder/home/.helm/plugins 
Creating /builder/home/.helm/starters 
Creating /builder/home/.helm/cache/archive 
Creating /builder/home/.helm/repository/repositories.yaml 
Adding stable repo with URL: https://kubernetes-charts.storage.googleapis.com 
Adding local repo with URL: http://127.0.0.1:8879/charts 
$HELM_HOME has been configured at /builder/home/.helm.
Not installing Tiller due to 'client-only' flag having been set
Happy Helming!
helm repo add ** http://chartmuseum.jenkins-x.io
"**" has been added to your repositories
helm repo add incubator https://kubernetes-charts-incubator.storage.googleapis.com
"incubator" has been added to your repositories
helm repo add stable https://kubernetes-charts.storage.googleapis.com
"stable" has been added to your repositories
helm repo add monocular https://helm.github.io/monocular
"monocular" has been added to your repositories
rm -rf jenkins-x-platform/charts
rm -rf jenkins-x-platform/jenkins-x*.tgz
rm -rf jenkins-x-platform/requirements.lock
helm dependency build jenkins-x-platform
Hang tight while we grab the latest from your chart repositories...
...Unable to get an update from the "local" chart repository (http://127.0.0.1:8879/charts):
	Get http://127.0.0.1:8879/charts/index.yaml: dial tcp 127.0.0.1:8879: connect: connection refused
...Successfully got an update from the "monocular" chart repository
...Successfully got an update from the "incubator" chart repository
...Successfully got an update from the "**" chart repository
...Successfully got an update from the "stable" chart repository
Update Complete. ⎈Happy Helming!⎈
Error: Can't get a valid version for repositories **, **, **, **, **, **, **, **, **. Try changing the version constraint in requirements.yaml
make: *** [build] Error 1
Step: build-step-step3:

Step: build-step-step4:

