Step: build-step-git-source-cloudbees-**ui-frontend-pr-743-w9dvp:

{"level":"warn","ts":1557844416.8441365,"logger":"fallback-logger","caller":"logging/config.go:65","msg":"Fetch GitHub commit ID from kodata failed: \"ref: refs/heads/master\" is not a valid GitHub commit ID"}
{"level":"info","ts":1557844420.0891867,"logger":"fallback-logger","caller":"git/git.go:102","msg":"Successfully cloned https://github.com/cloudbees/**ui-frontend @ e0fe950dc3563b52c906a3cc7bec5f02a3ff3f3a in path /workspace/source"}
Step: build-step-git-merge:

Warning failed to load version: failed to parse version -dev+9e73adc0b: No Major.Minor.Patch elements found
time="2019-05-14T14:33:45Z" level=info msg="got "
Using SHAs from PULL_REFS=master:e69708d49743ea29e28dcd521c5ab31945371183,743:e0fe950dc3563b52c906a3cc7bec5f02a3ff3f3a
ran git fetch --unshallow origin e0fe950dc3563b52c906a3cc7bec5f02a3ff3f3a: e69708d49743ea29e28dcd521c5ab31945371183: in 
ran git checkout master in 
ran git reset --hard e69708d49743ea29e28dcd521c5ab31945371183 in 
ran clean --force -d . in 
ran git merge e0fe950dc3563b52c906a3cc7bec5f02a3ff3f3a in 
Step: build-step-init-helm:

Creating /builder/home/.helm 
Creating /builder/home/.helm/repository 
Creating /builder/home/.helm/repository/cache 
Creating /builder/home/.helm/repository/local 
Creating /builder/home/.helm/plugins 
Creating /builder/home/.helm/starters 
Creating /builder/home/.helm/cache/archive 
Creating /builder/home/.helm/repository/repositories.yaml 
Adding stable repo with URL: https://kubernetes-charts.storage.googleapis.com 
Adding local repo with URL: http://127.0.0.1:8879/charts 
$HELM_HOME has been configured at /builder/home/.helm.
Not installing Tiller due to 'client-only' flag having been set
Happy Helming!
Step: build-step-kaniko-secrets:

/builder/home/kaniko-secret.json
Step: build-step-get-credentials:

/builder/home/core-dev-gke-sa.key.json
Step: build-step-warm-cache:

Step: build-step-build-project:

+ set -e
+ npm install -g yarn
/usr/bin/yarn -> /usr/lib/node_modules/yarn/bin/yarn.js
/usr/bin/yarnpkg -> /usr/lib/node_modules/yarn/bin/yarn.js
+ yarn@1.16.0
added 1 package in 0.8s
+ npm -v
5.6.0
+ node -v
v9.11.2
+ yarn -v
1.3.2
+ yarn install --ignore-engines
yarn install v1.3.2
[1/4] Resolving packages...
error An unexpected error occurred: "https://registry.yarnpkg.com/is-ci: ETIMEDOUT".
info If you think this is a bug, please open a bug report with the information provided in "/workspace/source/yarn-error.log".
info Visit https://yarnpkg.com/en/docs/cli/install for documentation about this command.
Step: build-step-run-cypress-tests:

Step: build-step-build-docker-image:

Step: build-step-preview:

Step: build-step-check-charts:

