Step: build-step-git-source-jenkins-x-**-docs-pr-1510-tekto-4wjs9:

{"level":"warn","ts":1557780098.9881935,"logger":"fallback-logger","caller":"logging/config.go:65","msg":"Fetch GitHub commit ID from kodata failed: \"ref: refs/heads/master\" is not a valid GitHub commit ID"}
{"level":"info","ts":1557780105.1632984,"logger":"fallback-logger","caller":"git/git.go:102","msg":"Successfully cloned https://github.com/jenkins-x/**-docs @ 210a557c655c3bb05159a23b40b00b6df4cf1a55 in path /workspace/source"}
Step: build-step-git-merge:

Warning failed to load version: failed to parse version -dev+9e73adc0b: No Major.Minor.Patch elements found
time="2019-05-13T20:41:45Z" level=info msg="got "
Using SHAs from PULL_REFS=master:ddcba3897af8e25ed7c46a2d558d8700a41d5c21,1510:210a557c655c3bb05159a23b40b00b6df4cf1a55
ran git fetch --unshallow origin 210a557c655c3bb05159a23b40b00b6df4cf1a55: ddcba3897af8e25ed7c46a2d558d8700a41d5c21: in 
ran git checkout master in 
ran git reset --hard ddcba3897af8e25ed7c46a2d558d8700a41d5c21 in 
ran clean --force -d . in 
ran git merge 210a557c655c3bb05159a23b40b00b6df4cf1a55 in 
Step: build-step-version:

Hugo Static Site Generator v0.49 linux/amd64 BuildDate: 2018-09-24T10:03:17Z
Step: build-step-build-website:

[?25lBuilding sites … [?25h[K
                   | EN  | ZH   
+------------------+-----+-----+
  Pages            | 478 |  81  
  Paginator pages  |   3 |   0  
  Non-page files   |   1 |   1  
  Static files     | 253 | 253  
  Processed images |   0 |   0  
  Aliases          |  64 |   9  
  Sitemaps         |   2 |   1  
  Cleaned          |   0 |   0  

Total in 4395 ms
Step: build-step-build-and-push-image:

[36mINFO[0m[0000] Downloading base image abiosoft/caddy        
ERROR: logging before flag.Parse: E0513 20:44:16.438296      13 metadata.go:142] while reading 'google-dockercfg' metadata: http status code: 404 while fetching url http://metadata.google.internal./computeMetadata/v1/instance/attributes/google-dockercfg
ERROR: logging before flag.Parse: E0513 20:44:16.444356      13 metadata.go:159] while reading 'google-dockercfg-url' metadata: http status code: 404 while fetching url http://metadata.google.internal./computeMetadata/v1/instance/attributes/google-dockercfg-url
[36mINFO[0m[0001] Error while retrieving image from cache: getting file info: stat /workspace/sha256:47740499cb52baae4a1e0ca10f8e2696b9f263e49facbc824724a222ebb83145: no such file or directory 
[36mINFO[0m[0001] Downloading base image abiosoft/caddy        
[36mINFO[0m[0002] Skipping unpacking as no commands require it. 
[36mINFO[0m[0002] Taking snapshot of full filesystem...        
[36mINFO[0m[0002] EXPOSE 2015                                  
[36mINFO[0m[0002] cmd: EXPOSE                                  
[36mINFO[0m[0002] Adding exposed port: 2015/tcp                
[36mINFO[0m[0002] WORKDIR /srv                                 
[36mINFO[0m[0002] cmd: workdir                                 
[36mINFO[0m[0002] Changed working directory to /srv            
[36mINFO[0m[0002] Creating directory /srv                      
[36mINFO[0m[0002] Taking snapshot of files...                  
[36mINFO[0m[0002] Using files from context: [/workspace/source/tmp-website] 
[36mINFO[0m[0002] COPY tmp-website .                           
[36mINFO[0m[0002] Taking snapshot of files...                  
2019/05/13 20:44:21 existing blob: sha256:c87736221ed0bcaa60b8e92a19bec2284899ef89226f2a07968677cf59e637a4
2019/05/13 20:44:21 existing blob: sha256:11d085ea0531bd1451349bfee72d95f9a4dcb895069189682049970dbdb668f7
2019/05/13 20:44:21 existing blob: sha256:f7a18c9c30be1ed8a611c0ea6183fbed950ae1c77bf277915d32d59e1f13775b
2019/05/13 20:44:21 existing blob: sha256:82c0e0f13429b59221d0d78d6baf7e0ece842f329c8cd96d2f9e3179e0534f2b
2019/05/13 20:44:21 existing blob: sha256:5c98adeb14433e7698b8cae336f6edc5b763bc79a3723dc1d121691d54e4f8f8
2019/05/13 20:44:21 existing blob: sha256:e6ddacbe10bfb211680004ecc4653be2568005b92d72f73df2cc1dd62a7c480e
2019/05/13 20:44:21 existing blob: sha256:598ae88aad1150744a592fe33d60c85749a75993785334af4002407ef1044335
2019/05/13 20:44:25 pushed blob: sha256:2c946242c1402f1ad2153360db7e10ae43ced807aaeb8a48bbcf025df910bc77
2019/05/13 20:44:25 pushed blob: sha256:d3a089375d86425646c4e104d223e8924e1f77ea64d337d44fac9cbb5699f493
2019/05/13 20:44:30 pushed blob: sha256:54ef2623f13bca8509e67c87135243adae4b6e75a1f525fa3c50979f2f10c97d
2019/05/13 20:44:32 gcr.io/jenkins-x-infra/**-docs:0.0.0-SNAPSHOT-PR-1510-1: digest: sha256:6e16e50439356e257154616bd24ba18b367cfba830ecaa29ec2a13ecf84c1e7c size: 1726
Step: build-step-make-preview:

sed -i -e "s/version:.*/version: 0.0.0-SNAPSHOT-PR-1510-1/" Chart.yaml
sed -i -e "s/version:.*/version: 0.0.0-SNAPSHOT-PR-1510-1/" ../*/Chart.yaml
sed -i -e "s/tag:.*/tag: 0.0.0-SNAPSHOT-PR-1510-1/" values.yaml
** step helm build
No $CHART_REPOSITORY defined so using the default value of: http://jenkins-x-chartmuseum:8080
Adding missing Helm repo: jenkins-x http://chartmuseum.jenkins-x.io
Successfully added Helm repository jenkins-x.
Adding missing Helm repo: releases http://jenkins-x-chartmuseum:8080
Successfully added Helm repository releases.
Step: build-step-**-preview:

Creating a preview
No author for commit: 210a557c655c3bb05159a23b40b00b6df4cf1a55
PullRequest author email is empty
Created environment jenkins-x-**-docs-pr-1510
Namespace **-jenkins-x-**-docs-pr-1510 created 
 expose:
  config:
    domain: infra.jrawlings.co.uk
    exposer: Ingress
    http: "true"
  Annotations:
    helm.sh/hook: post-install,post-upgrade
    helm.sh/hook-delete-policy: hook-succeeded
preview:
  image:
    repository: gcr.io/jenkins-x-infra/**-docs
    tag: 0.0.0-SNAPSHOT-PR-1510-1
Applying generated chart . YAML via kubectl in dir: /tmp/helm-template-workdir-424281392/preview/output
job.batch/cleanup created
role.rbac.authorization.k8s.io/cleanup created
rolebinding.rbac.authorization.k8s.io/cleanup created
serviceaccount/cleanup created
configmap/exposecontroller created
role.rbac.authorization.k8s.io/expose created
rolebinding.rbac.authorization.k8s.io/expose created
serviceaccount/expose created
deployment.extensions/preview-preview created
service/**-docs created
Applying Helm hook post-upgrade YAML via kubectl in file: /tmp/helm-template-workdir-424281392/preview/helmHooks/preview/charts/expose/templates/job.yaml
job.batch/expose created
Waiting for helm post-upgrade hook Job expose to complete before removing it
Deleting helm hook sources from file: /tmp/helm-template-workdir-424281392/preview/helmHooks/preview/charts/expose/templates/job.yaml
job.batch "expose" deleted
Removing Kubernetes resources from older releases using selector: jenkins.io/chart-release=preview,jenkins.io/version!=0.0.0-SNAPSHOT-PR-1510-1
Updating PipelineActivities jenkins-x-**-docs-pr-1510-1 which has status Running
Preview application is now available at: http://**-docs.**-jenkins-x-**-docs-pr-1510.infra.jrawlings.co.uk

