Step: build-step-git-source-jenkins-x-charts-prow-pr-608-te-qpfl4:

{"level":"warn","ts":1557755943.9124284,"logger":"fallback-logger","caller":"logging/config.go:65","msg":"Fetch GitHub commit ID from kodata failed: \"ref: refs/heads/master\" is not a valid GitHub commit ID"}
{"level":"info","ts":1557755946.9440312,"logger":"fallback-logger","caller":"git/git.go:102","msg":"Successfully cloned https://github.com/jenkins-x-charts/prow @ bb74b23af2b22b6d75cebc4aa536cc756fcb3516 in path /workspace/source"}
Step: build-step-git-merge:

Warning failed to load version: failed to parse version -dev+548a93a-dev+981c48321: No Major.Minor.Patch elements found
Using SHAs from PULL_REFS=master:6f34ac6ae6d0dccba8b3c94a8fd148c78b9d2057,608:bb74b23af2b22b6d75cebc4aa536cc756fcb3516
ran git fetch --unshallow origin bb74b23af2b22b6d75cebc4aa536cc756fcb3516: 6f34ac6ae6d0dccba8b3c94a8fd148c78b9d2057: in 
ran git checkout master in 
ran git reset --hard 6f34ac6ae6d0dccba8b3c94a8fd148c78b9d2057 in 
ran clean --force -d . in 
ran git merge bb74b23af2b22b6d75cebc4aa536cc756fcb3516 in 
Step: build-step-build-build:

cat: /builder/home/basic-auth-user.json: No such file or directory
cat: /builder/home/basic-auth-pass.json: No such file or directory
rm -rf prow/charts
rm -rf prow/prow*.tgz
rm -rf prow/requirements.lock
helm init --client-only
Creating /builder/home/.helm 
Creating /builder/home/.helm/repository 
Creating /builder/home/.helm/repository/cache 
Creating /builder/home/.helm/repository/local 
Creating /builder/home/.helm/plugins 
Creating /builder/home/.helm/starters 
Creating /builder/home/.helm/cache/archive 
Creating /builder/home/.helm/repository/repositories.yaml 
Adding stable repo with URL: https://kubernetes-charts.storage.googleapis.com 
Adding local repo with URL: http://127.0.0.1:8879/charts 
$HELM_HOME has been configured at /builder/home/.helm.
Not installing Tiller due to 'client-only' flag having been set
Happy Helming!
helm repo add jenkins-x http://chartmuseum.jenkins-x.io 	
"jenkins-x" has been added to your repositories
helm dependency build prow
No requirements found in prow/charts.
helm lint prow
==> Linting prow
Lint OK

1 chart(s) linted, no failures
