Step: build-step-credential-initializer-c2zbl:

{"level":"warn","ts":1557747068.2813697,"logger":"fallback-logger","caller":"logging/config.go:65","msg":"Fetch GitHub commit ID from kodata failed: \"ref: refs/heads/backport-container-name-fix\" is not a valid GitHub commit ID"}
{"level":"info","ts":1557747068.2818944,"logger":"fallback-logger","caller":"creds-init/main.go:40","msg":"Credentials initialized."}
Step: build-step-git-source-jenkins-x-**-pr-3905-bdd-qmwwv:

{"level":"warn","ts":1557747068.5480952,"logger":"fallback-logger","caller":"logging/config.go:65","msg":"Fetch GitHub commit ID from kodata failed: \"ref: refs/heads/backport-container-name-fix\" is not a valid GitHub commit ID"}
{"level":"info","ts":1557747071.7394273,"logger":"fallback-logger","caller":"git-init/main.go:99","msg":"Successfully cloned \"https://github.com/jenkins-x/**\" @ \"eeb7ee47a186f1d69615707a04c780200a6af341\" in path \"/workspace/source\""}
Step: build-step-place-tools:

Step: build-step-git-merge:

Warning failed to load version: failed to parse version -dev+548a93a-dev+981c48321: No Major.Minor.Patch elements found
Using SHAs from PULL_REFS=master:0aa435e2989c8c8482b8e7486bd9ce66f01c1796,3905:eeb7ee47a186f1d69615707a04c780200a6af341
ran git fetch --unshallow origin eeb7ee47a186f1d69615707a04c780200a6af341: 0aa435e2989c8c8482b8e7486bd9ce66f01c1796: in 
ran git checkout master in 
ran git reset --hard 0aa435e2989c8c8482b8e7486bd9ce66f01c1796 in 
ran clean --force -d . in 
ran git merge eeb7ee47a186f1d69615707a04c780200a6af341 in 
Step: build-step-build-binary:

CGO_ENABLED=0 GOOS=linux GOARCH=amd64 GO111MODULE=on go build -ldflags " -X github.com/jenkins-x/**/pkg/version.Version=0.0.0-SNAPSHOT-PR-3905-32 -X github.com/jenkins-x/**/pkg/version.Revision='eeb7ee47a' -X github.com/jenkins-x/**/pkg/version.Branch='master' -X github.com/jenkins-x/**/pkg/version.BuildDate='20190513-11:31:22' -X github.com/jenkins-x/**/pkg/version.GoVersion='1.11.5'" -o build/linux/** cmd/**/**.go
go: finding github.com/bitly/go-hostpool v0.0.0-20171023180738-a3a6125de932
go: finding github.com/jbrukh/bayesian v0.0.0-20161210175230-bf3f261f9a9c
go: finding github.com/armon/go-radix v1.0.0
go: finding github.com/andygrunwald/go-gerrit v0.0.0-20181026193842-43cfd7a94eb4
go: finding github.com/denormal/go-gitignore v0.0.0-20180713143441-75ce8f3e513c
go: finding github.com/ghodss/yaml v1.0.0
go: finding github.com/golang/protobuf v1.2.0
go: finding github.com/dsnet/compress v0.0.0-20171208185109-cc9eb1d7ad76
go: finding github.com/rodaine/hclencoder v0.0.0-20180926060551-0680c4321930
go: finding gopkg.in/src-d/go-billy.v4 v4.2.0
go: finding github.com/Pallinder/go-randomdata v0.0.0-20180616180521-15df0648130a
go: finding google.golang.org/genproto v0.0.0-20190219182410-082222b4a5c5
go: finding github.com/konsorten/go-windows-terminal-sequences v1.0.2
go: finding github.com/sethvargo/go-password v0.1.2
go: finding github.com/spf13/cobra v0.0.3
go: finding github.com/hashicorp/go-multierror v1.0.0
go: finding github.com/gliderlabs/ssh v0.1.1
go: finding github.com/nwaples/rardecode v1.0.0
go: finding github.com/hinshun/vt10x v0.0.0-20180809195222-d55458df857c
go: finding github.com/wbrefvem/go-bitbucket v0.0.0-20190128183802-fc08fd046abb
go: finding github.com/cenkalti/backoff v2.0.0+incompatible
go: finding github.com/mitchellh/copystructure v1.0.0
go: finding gopkg.in/src-d/go-git.v4 v4.5.0
go: finding github.com/MakeNowJust/heredoc v0.0.0-20171113091838-e9091a26100e
go: finding k8s.io/apiextensions-apiserver v0.0.0-20181128195303-1f84094d7e8e
go: finding github.com/golang/glog v0.0.0-20160126235308-23def4e6c14b
go: finding sigs.k8s.io/yaml v1.1.0
go: finding github.com/anmitsu/go-shlex v0.0.0-20161002113705-648efa622239
go: finding github.com/google/go-github v17.0.0+incompatible
go: finding gopkg.in/AlecAivazis/survey.v1 v1.8.3
go: finding github.com/patrickmn/go-cache v2.1.0+incompatible
go: finding golang.org/x/net v0.0.0-20181106065722-10aee1819953
go: finding github.com/jenkins-x/golang-jenkins v0.0.0-20180919102630-65b83ad42314
go: finding github.com/SAP/go-hdb v0.13.2
go: finding github.com/armon/go-metrics v0.0.0-20180917152333-f0300d1749da
go: finding github.com/golang/snappy v0.0.0-20180518054509-2e65f85255db
go: finding github.com/alexflint/go-filemutex v0.0.0-20171028004239-d358565f3c3f
go: finding github.com/magiconair/properties v1.8.0
go: finding github.com/hashicorp/go-version v1.0.0
go: finding github.com/fatih/structs v1.0.0
go: finding github.com/containerd/continuity v0.0.0-20181203112020-004b46473808
go: finding github.com/shirou/gopsutil v0.0.0-20180901134234-eb1f1ab16f2e
go: finding github.com/mitchellh/go-testing-interface v1.0.0
go: finding github.com/danwakefield/fnmatch v0.0.0-20160403171240-cbb64ac3d964
go: finding github.com/xanzy/go-gitlab v0.0.0-20180814191223-f3bc634ab936
go: finding k8s.io/klog v0.3.0
go: finding github.com/ryanuber/go-glob v0.0.0-20170128012129-256dc444b735
go: finding github.com/hashicorp/go-rootcerts v0.0.0-20160503143440-6bb64b370b90
go: finding github.com/hashicorp/hcl v0.0.0-20180404174102-ef8a98b0bbce
go: finding github.com/hpcloud/tail v1.0.0
go: finding github.com/SermoDigital/jose v0.9.1
go: finding github.com/hashicorp/vault-plugin-secrets-kv v0.0.0-20190115203747-edbfe287c5d9
go: finding github.com/Nvveen/Gotty v0.0.0-20120604004816-cd527374f1e5
go: finding github.com/hashicorp/go-sockaddr v1.0.0
go: finding github.com/hashicorp/errwrap v1.0.0
go: finding github.com/pascaldekloe/goe v0.0.0-20180627143212-57f6aae5913c
go: finding github.com/hashicorp/go-retryablehttp v0.0.0-20180718195005-e651d75abec6
go: finding github.com/rollout/rox-go v0.0.0-20181220111955-29ddae74a8c4
go: finding github.com/kr/pty v1.1.2
go: finding k8s.io/api v0.0.0-20181128191700-6db15a15d2d3
go: finding github.com/gobwas/glob v0.2.3
go: finding github.com/xeipuuv/gojsonreference v0.0.0-20180127040603-bd5ef7bd5415
go: finding golang.org/x/oauth2 v0.0.0-20181203162652-d668ce993890
go: finding k8s.io/helm v2.7.2+incompatible
go: finding github.com/elazarl/go-bindata-assetfs v1.0.0
go: finding k8s.io/client-go v2.0.0-alpha.0.0.20190115164855-701b91367003+incompatible
go: finding github.com/lusis/go-slackbot v0.0.0-20180109053408-401027ccfef5
go: finding github.com/elazarl/goproxy v0.0.0-20181111060418-2ce16c963a8a
go: finding github.com/jetstack/cert-manager v0.5.2
go: finding github.com/kevinburke/ssh_config v0.0.0-20180317175531-9fc7bb800b55
go: finding gopkg.in/yaml.v2 v2.2.1
go: finding github.com/shirou/w32 v0.0.0-20160930032740-bb4de0191aa4
go: finding gopkg.in/src-d/go-git-fixtures.v3 v3.3.0
go: finding github.com/stoewer/go-strcase v1.0.1
go: finding golang.org/x/tools v0.0.0-20180828015842-6cd1fcedba52
go: finding k8s.io/kubernetes v1.11.3
go: finding github.com/pborman/uuid v1.2.0
go: finding github.com/ulikunitz/xz v0.5.6
go: finding github.com/go-openapi/loads v0.19.0
go: finding github.com/Masterminds/semver v1.4.2
go: finding gotest.tools v2.2.0+incompatible
go: finding github.com/Azure/go-ansiterm v0.0.0-20170929234023-d6e3b3328b78
go: finding github.com/emicklei/go-restful v2.8.0+incompatible
go: finding github.com/davecgh/go-spew v1.1.0
go: finding github.com/gopherjs/gopherjs v0.0.0-20181103185306-d547d1d9531e
go: finding github.com/duosecurity/duo_api_golang v0.0.0-20190107154727-539434bf0d45
go: finding github.com/bmizerany/assert v0.0.0-20160611221934-b7ed37b82869
go: finding github.com/keybase/go-crypto v0.0.0-20181127160227-255a5089e85a
go: finding github.com/stretchr/ob** v0.1.1
go: finding github.com/Netflix/go-expect v0.0.0-20180615182759-c93bf25de8e8
go: finding github.com/davecgh/go-spew v1.1.1
go: finding github.com/trivago/tgo v1.0.1
go: finding github.com/IBM-Cloud/bluemix-go v0.0.0-20181008063305-d718d474c7c2
go: finding github.com/stretchr/ob** v0.2.0
go: finding github.com/xi2/xz v0.0.0-20171230120015-48954b6210f8
go: finding github.com/alecthomas/jsonschema v0.0.0-20190504002508-159cbd5dba26
go: finding github.com/go-errors/errors v1.0.1
go: finding github.com/satori/go.uuid v1.2.1-0.20180103174451-36e9d2ebbde5
go: finding github.com/alcortesm/tgz v0.0.0-20161220082320-9c5fe88206d7
go: finding k8s.io/gengo v0.0.0-20190327210449-e17681d19d3a
go: finding github.com/rollout/sse v0.0.0-20181105093643-e422b54b3b28
go: finding google.golang.org/grpc v1.16.0
go: finding github.com/banzaicloud/bank-vaults v0.0.0-20181129101211-e31657d7c4fe
go: finding golang.org/x/net v0.0.0-20181102091132-c10e9556a7bc
go: finding github.com/Jeffail/gabs v1.1.1
go: finding gopkg.in/asn1-ber.v1 v1.0.0-20181015200546-f715ec2f112d
go: finding github.com/antham/chyle v1.4.0
go: finding github.com/smartystreets/assertions v0.0.0-20180927180507-b2de0cb4f26d
go: finding github.com/markbates/inflect v1.0.4
go: finding github.com/PuerkitoBio/purell v1.1.0
go: finding github.com/jenkins-x/draft-repo v0.0.0-20180417100212-2f66cc518135
go: finding google.golang.org/appengine v1.1.0
go: finding github.com/gocql/gocql v0.0.0-20190126123547-8516aabb0f99
go: finding github.com/fatih/color v1.5.0
go: finding golang.org/x/lint v0.0.0-20180702182130-06c8688daad7
go: finding github.com/pkg/browser v0.0.0-20170505125900-c90ca0c84f15
go: finding github.com/pkg/errors v0.8.0
go: finding github.com/flynn/go-shlex v0.0.0-20150515145356-3f9db97f8568
go: finding golang.org/x/net v0.0.0-20181005035420-146acd28ed58
go: finding github.com/mholt/archiver v3.1.1+incompatible
go: finding github.com/xeipuuv/gojsonpointer v0.0.0-20180127040702-4e3ac2762d5f
go: finding github.com/iancoleman/orderedmap v0.0.0-20181121102841-22c6ecc9fe13
go: finding github.com/mattn/go-colorable v0.0.8
go: finding github.com/stretchr/testify v1.3.0
go: finding github.com/google/uuid v1.0.0
go: finding github.com/hashicorp/go-plugin v0.0.0-20190129155509-362c99b11937
go: finding github.com/hashicorp/go-cleanhttp v0.5.0
go: finding github.com/jtnord/logrus v1.4.2-0.20190423161236-606ffcaf8f5d
go: finding golang.org/x/sys v0.0.0-20180606202747-9527bec2660b
go: finding golang.org/x/sys v0.0.0-20180830151530-49385e6e1522
go: finding github.com/smartystreets/goconvey v0.0.0-20180222194500-ef6db91d284a
go: finding github.com/lusis/slack-test v0.0.0-20180109053238-3c758769bfa6
go: finding github.com/go-openapi/jsonreference v0.17.0
go: finding github.com/mattbaird/jsonpatch v0.0.0-20171005235357-81af80346b1a
go: finding github.com/pelletier/go-buffruneio v0.2.0
go: finding github.com/codeship/codeship-go v0.0.0-20180717142545-7793ca823354
go: finding github.com/gotestyourself/gotestyourself v2.2.0+incompatible
go: finding github.com/oklog/run v1.0.0
go: finding google.golang.org/api v0.1.0
go: finding github.com/konsorten/go-windows-terminal-sequences v1.0.1
go: finding github.com/aws/aws-sdk-go v1.17.10
go: finding github.com/go-test/deep v1.0.1
go: finding github.com/petergtz/pegomock v2.2.0+incompatible
go: finding github.com/mitchellh/reflectwalk v1.0.0
go: finding github.com/PuerkitoBio/urlesc v0.0.0-20170810143723-de5bf2ad4578
go: finding github.com/gfleury/go-bitbucket-v1 v0.0.0-20190216152406-3a732135aa4d
go: finding github.com/Azure/draft v0.15.0
go: finding github.com/chromedp/cdproto v0.0.0-20180720050708-57cf4773008d
go: finding github.com/huandu/xstrings v1.0.0
go: finding github.com/asaskevich/govalidator v0.0.0-20180720115003-f9ffefc3facf
go: finding github.com/hashicorp/go-memdb v0.0.0-20181108192425-032f93b25bec
go: finding github.com/beevik/etree v1.0.1
go: finding github.com/jtolds/gls v4.2.1+incompatible
go: finding github.com/sergi/go-diff v1.0.0
go: finding cloud.google.com/go v0.26.0
go: finding golang.org/x/sys v0.0.0-20190411185658-b44545bcd369
go: finding github.com/go-openapi/spec v0.17.0
go: finding k8s.io/apimachinery v0.0.0-20190122181752-bebe27e40fb7
go: finding github.com/cloudflare/cfssl v0.0.0-20190409034051-768cd563887f
go: finding github.com/emirpasic/gods v1.9.0
go: finding github.com/mitchellh/go-testing-interface v0.0.0-20171004221916-a61a99592b77
go: finding github.com/opencontainers/runc v0.1.1
go: finding github.com/nbio/st v0.0.0-20140626010706-e9e8d9816f32
go: finding github.com/chromedp/chromedp v0.1.1
go: finding go.opencensus.io v0.18.0
go: finding golang.org/x/sys v0.0.0-20190129075346-302c3dd5f1cc
go: finding github.com/cpuguy83/go-md2man v1.0.8
go: finding github.com/fatih/color v1.7.0
go: finding github.com/knative/build v0.5.0
go: finding github.com/hashicorp/go-immutable-radix v1.0.0
go: finding github.com/spf13/pflag v1.0.3
go: finding github.com/jmespath/go-jmespath v0.0.0-20180206201540-c2b33e8439af
go: finding golang.org/x/crypto v0.0.0-20190123085648-057139ce5d2b
go: finding github.com/Netflix/go-expect v0.0.0-20180814212900-124a37274874
go: finding github.com/onsi/ginkgo v1.6.0
go: finding github.com/antham/envh v1.2.0
go: finding github.com/apache/thrift v0.0.0-20180902110319-2566ecd5d999
go: finding github.com/kisielk/gotool v1.0.0
go: finding github.com/pierrec/lz4 v2.0.5+incompatible
go: finding github.com/go-ldap/ldap v3.0.1+incompatible
go: finding github.com/grpc-ecosystem/grpc-gateway v1.5.0
go: finding golang.org/x/oauth2 v0.0.0-20180821212333-d2e6202438be
go: finding github.com/go-openapi/swag v0.17.0
go: finding gopkg.in/inf.v0 v0.9.1
go: finding github.com/xeipuuv/gojsonschema v1.1.0
go: finding gopkg.in/mgo.v2 v2.0.0-20180705113604-9856a29383ce
go: finding github.com/hashicorp/go-hclog v0.0.0-20180709165350-ff2cf002a8dd
go: finding github.com/go-openapi/errors v0.17.0
go: finding github.com/mitchellh/mapstructure v1.1.2
go: finding github.com/mgutz/ansi v0.0.0-20170206155736-9520e82c474b
go: finding github.com/kubernetes-incubator/reference-docs v0.0.0-20190410022412-9642bd3f4de5
go: finding github.com/beorn7/perks v0.0.0-20180321164747-3a771d992973
go: finding github.com/docker/docker v0.0.0-20171206114025-5e5fadb3c020
go: finding google.golang.org/genproto v0.0.0-20181202183823-bd91e49a0898
go: finding github.com/inconshreveable/mousetrap v0.0.0-20141017200713-76626ae9c91c
go: finding github.com/go-ole/go-ole v1.2.1
go: finding github.com/mattn/go-isatty v0.0.2
go: finding github.com/pmezard/go-difflib v1.0.0
go: finding github.com/stretchr/testify v1.2.1
go: finding github.com/hashicorp/golang-lru v0.5.0
go: finding github.com/nlopes/slack v0.0.0-20180721202243-347a74b1ea30
go: finding github.com/hashicorp/go-hclog v0.0.0-20190109152822-4783caec6f2e
go: finding github.com/russross/blackfriday v1.5.1
go: finding github.com/openzipkin/zipkin-go v0.1.1
go: finding github.com/golang/mock v1.1.1
go: finding github.com/spf13/cobra v0.0.0-00000000000000-c46add8a6528
go: finding github.com/tidwall/gjson v1.1.0
go: finding github.com/prometheus/common v0.2.0
go: finding github.com/golang/lint v0.0.0-20180702182130-06c8688daad7
go: finding github.com/tidwall/match v0.0.0-20171002075945-1731857f09b1
go: finding gopkg.in/warnings.v0 v0.1.2
go: finding github.com/knative/pkg v0.0.0-20190402181056-ff46edef0ae5
go: finding github.com/google/go-containerregistry v0.0.0-20190317040536-ebbba8469d06
go: finding github.com/kr/pretty v0.1.0
go: finding github.com/antham/strumt v0.0.0-20171215230529-6776189777d3
go: finding github.com/hashicorp/yamux v0.0.0-20180604194846-3520598351bb
go: finding github.com/kr/pty v1.1.1
go: finding gopkg.in/check.v1 v1.0.0-20180628173108-788fd7840127
go: finding github.com/andygrunwald/go-jira v1.5.0
go: finding github.com/go-openapi/jsonpointer v0.17.0
go: finding github.com/julienschmidt/httprouter v1.2.0
go: finding github.com/jefferai/jsonx v1.0.0
go: finding github.com/mattn/go-colorable v0.0.9
go: finding github.com/src-d/gcfg v1.3.0
go: finding honnef.co/go/tools v0.0.0-20180728063816-88497007e858
go: finding github.com/go-logfmt/logfmt v0.3.0
go: finding golang.org/x/net v0.0.0-20180906233101-161cd47e91fd
go: finding golang.org/x/sync v0.0.0-20180314180146-1d60e4601c6f
go: finding gopkg.in/cenkalti/backoff.v1 v1.1.0
go: finding golang.org/x/sync v0.0.0-20181221193216-37e7f081c4d4
go: finding github.com/hashicorp/go-uuid v1.0.1
go: finding golang.org/x/image v0.0.0-20180628062038-cc896f830ced
go: finding github.com/prometheus/client_golang v0.8.0
go: finding gopkg.in/src-d/go-git.v4 v4.1.1
go: finding github.com/golang/snappy v0.0.0-20170215233205-553a64147049
go: finding google.golang.org/grpc v1.14.0
go: finding gopkg.in/alecthomas/kingpin.v2 v2.2.6
go: finding github.com/Masterminds/sprig v0.0.0-20180403013413-6b2a58267f6a
go: finding google.golang.org/appengine v1.3.0
go: finding github.com/chromedp/cdproto v0.0.0-20180703215205-c125a34ea3b3
go: finding gopkg.in/h2non/gock.v0 v0.0.0-20160419120746-1baf36abac00
go: finding github.com/client9/misspell v0.3.4
go: finding github.com/xanzy/ssh-agent v0.2.0
go: finding k8s.io/code-generator v0.0.0-20180904193909-8c97d6ab64da
go: finding github.com/gorilla/websocket v1.2.0
go: finding golang.org/x/sys v0.0.0-20181116152217-5ac8a444bdc5
go: finding github.com/prometheus/procfs v0.0.0-20181005140218-185b4288413d
go: finding github.com/alecthomas/template v0.0.0-20160405071501-a0175ee3bccc
go: finding google.golang.org/genproto v0.0.0-20180817151627-c66870c02cf8
go: finding github.com/tektoncd/pipeline v0.3.1
go: finding github.com/acarl005/stripansi v0.0.0-20180116102854-5a71ef0e047d
go: finding github.com/jenkins-x/sonobuoy v0.11.7-0.20190318120422-253758214767
go: finding github.com/mailru/easyjson v0.0.0-20180823135443-60711f1a8329
go: finding github.com/hashicorp/go-uuid v1.0.0
go: finding github.com/go-openapi/analysis v0.0.0-20180825180245-b006789cd277
go: finding github.com/imdario/mergo v0.3.6
go: finding github.com/gogo/protobuf v1.1.1
go: finding google.golang.org/genproto v0.0.0-20180831171423-11092d34479b
go: finding code.gitea.io/sdk v0.0.0-20180702024448-79a281c4e34a
go: finding github.com/knq/sysutil v0.0.0-20180306023629-0218e141a794
go: finding github.com/spf13/pflag v0.0.0-20170508184408-e57e3eeb33f7
go: finding golang.org/x/net v0.0.0-20180826012351-8a410e7b638d
go: finding golang.org/x/net v0.0.0-20180724234803-3673e40ba225
go: finding github.com/kballard/go-shellquote v0.0.0-20180428030007-95032a82bc51
go: finding golang.org/x/net v0.0.0-20181114220301-adae6a3d119a
go: finding github.com/json-iterator/go v0.0.0-20180701071628-ab8a2e0c74be
go: finding github.com/ory/dockertest v3.3.4+incompatible
go: finding github.com/gorilla/mux v1.6.2
go: finding github.com/stretchr/testify v1.2.2
go: finding golang.org/x/oauth2 v0.0.0-20180620175406-ef147856a6dd
go: finding github.com/google/go-querystring v0.0.0-20170111101155-53e6ce116135
go: finding github.com/golang/protobuf v1.1.0
go: finding github.com/spf13/viper v1.0.2
go: finding golang.org/x/time v0.0.0-20180412165947-fbb02b2291d2
go: finding github.com/StackExchange/wmi v0.0.0-20180116203802-5d049714c4a6
go: finding github.com/jbenet/go-context v0.0.0-20150711004518-d14ea06fba99
go: finding github.com/alecthomas/units v0.0.0-20151022065526-2efee857e7cf
go: finding github.com/spf13/jwalterweatherman v0.0.0-20180109140146-7c0cea34c8ec
go: finding github.com/matttproud/golang_protobuf_extensions v1.0.1
go: finding github.com/google/go-cmp v0.2.0
go: finding github.com/mitchellh/go-homedir v0.0.0-20180523094522-3864e76763d9
go: finding golang.org/x/sys v0.0.0-20180627142611-7138fd3d9dc8
go: finding github.com/kr/logfmt v0.0.0-20140226030751-b84e30acd515
go: finding github.com/disintegration/imaging v1.4.2
go: finding github.com/sethgrid/pester v0.0.0-20180430140037-03e26c9abbbf
go: finding golang.org/x/exp v0.0.0-20190121172915-509febef88a4
go: finding github.com/hinshun/vt10x v0.0.0-20180616224451-1954e6464174
go: finding google.golang.org/grpc v1.17.0
go: finding github.com/google/btree v0.0.0-20180124185431-e89373fe6b4a
go: finding github.com/gogo/protobuf v1.0.0
go: finding golang.org/x/sys v0.0.0-20180905080454-ebe1bf3edb33
go: finding github.com/spf13/afero v1.1.1
go: finding github.com/docker/spdystream v0.0.0-20170912183627-bc6354cbbc29
go: finding github.com/hashicorp/vault v0.11.4
go: finding google.golang.org/api v0.0.0-20180910000450-7ca32eb868bf
go: finding github.com/spf13/cast v1.2.0
go: finding github.com/globalsign/mgo v0.0.0-20180905125535-1ca0a4f7cbcb
go: finding golang.org/x/crypto v0.0.0-20180621125126-a49355c7e3f8
go: finding github.com/gorilla/context v1.1.1
go: finding github.com/dgrijalva/jwt-go v3.2.0+incompatible
go: finding github.com/aokoli/goutils v1.0.1
go: finding golang.org/x/sys v0.0.0-20180909124046-d0be0721c37e
go: finding github.com/modern-go/concurrent v0.0.0-20180306012644-bacd9c7ef1dd
go: finding github.com/viniciuschiele/tarx v0.0.0-20151205142357-6e3da540444d
go: finding github.com/google/gofuzz v0.0.0-20170612174753-24818f796faf
go: finding github.com/gregjones/httpcache v0.0.0-20180305231024-9cad4c3443a7
go: finding golang.org/x/text v0.3.0
go: finding github.com/prometheus/procfs v0.0.0-20180725123919-05ee40e3a273
go: finding k8s.io/test-infra v0.0.0-20190131093439-a22cef183a8f
go: finding gocloud.dev v0.9.0
go: finding github.com/mitchellh/mapstructure v0.0.0-20180511142126-bb74f1db0675
go: finding golang.org/x/net v0.0.0-20180702212446-ed29d75add3d
go: finding github.com/go-kit/kit v0.8.0
go: finding github.com/gophercloud/gophercloud v0.0.0-20180629215909-9e34f4686044
go: finding github.com/inconshreveable/mousetrap v1.0.0
go: finding github.com/rifflock/lfshook v0.0.0-20180227222202-bf539943797a
go: finding github.com/Masterminds/semver v1.3.1
go: finding cloud.google.com/go v0.24.0
go: finding github.com/fsnotify/fsnotify v1.4.7
go: finding github.com/coreos/pkg v0.0.0-20180928190104-399ea9e2e55f
go: finding github.com/GoogleCloudPlatform/cloudsql-proxy v0.0.0-20181009230506-ac834ce67862
go: finding github.com/coreos/bbolt v1.3.1-coreos.6
go: finding contrib.go.opencensus.io/integrations/ocsql v0.1.2
go: finding github.com/go-sql-driver/mysql v1.4.0
go: finding cloud.google.com/go v0.34.0
go: finding github.com/go-openapi/spec v0.0.0-20171219195406-fa03337d7da5
go: finding github.com/imdario/mergo v0.0.0-20180119215619-163f41321a19
go: finding github.com/bwmarrin/snowflake v0.0.0-20170221160716-02cc386c183a
go: finding golang.org/x/sync v0.0.0-20181108010431-42b317875d0f
go: finding github.com/jinzhu/now v0.0.0-20181116074157-8ec929ed50c3
go: finding github.com/mailru/easyjson v0.0.0-20171120080333-32fa128f234d
go: finding github.com/djherbis/atime v1.0.0
go: finding google.golang.org/appengine v1.2.0
go: finding github.com/Azure/azure-pipeline-go v0.0.0-20180507050906-098e490af5dc
go: finding github.com/mattn/go-zglob v0.0.0-20180607075734-49693fbb3fe3
go: finding github.com/operator-framework/operator-sdk v0.0.0-20181011175812-913cbf711929
go: finding github.com/prometheus/common v0.0.0-20180801064454-c7de2306084e
go: finding github.com/knative/serving v0.5.0
go: finding golang.org/x/lint v0.0.0-20181026193005-c67002cb31c3
go: finding github.com/gorilla/websocket v1.4.0
go: finding github.com/spf13/pflag v1.0.1
go: finding github.com/prometheus/client_golang v0.9.1
go: finding github.com/googleapis/gnostic v0.1.0
go: finding github.com/prometheus/client_golang v0.9.0
go: finding github.com/peterbourgon/diskv v2.0.1+incompatible
go: finding github.com/Azure/go-autorest v10.15.5+incompatible
go: finding github.com/soheilhy/cmux v0.1.4
go: finding gopkg.in/pipe.v2 v2.0.0-20140414041502-3c2ca4d52544
go: finding github.com/jinzhu/gorm v0.0.0-20170316141641-572d0a0ab1eb
go: finding contrib.go.opencensus.io/exporter/aws v0.0.0-20180906190126-dd54a7ef511e
go: finding k8s.io/apiextensions-apiserver v0.0.0-20180621085152-bbc52469f98b
go: finding google.golang.org/genproto v0.0.0-20181016170114-94acd270e44e
go: finding github.com/gophercloud/gophercloud v0.0.0-20181215224939-bdd8b1ecd793
go: finding go.opencensus.io v0.17.0
go: finding github.com/go-openapi/jsonpointer v0.0.0-20170102174223-779f45308c19
go: finding github.com/mailru/easyjson v0.0.0-20180606163543-3fdea8d05856
go: finding github.com/go-openapi/spec v0.17.1
go: finding github.com/kr/text v0.1.0
go: finding github.com/docker/go-connections v0.3.0
go: finding github.com/aws/aws-sdk-go v1.15.57
go: finding github.com/lib/pq v1.0.0
go: finding github.com/google/btree v0.0.0-20180813153112-4030bb1f1f0c
go: finding github.com/go-ini/ini v1.39.0
go: finding github.com/xiang90/probing v0.0.0-20160813154853-07dd2e8dfe18
go: finding github.com/prometheus/client_model v0.0.0-20180712105110-5c3871d89910
go: finding github.com/imdario/mergo v0.3.5
go: finding github.com/Azure/azure-pipeline-go v0.1.8
go: finding github.com/denisenkom/go-mssqldb v0.0.0-20190111225525-2fea367d496d
go: finding google.golang.org/grpc v1.15.0
go: finding github.com/peterbourgon/diskv v0.0.0-20171120014656-2973218375c3
go: finding github.com/c2h5oh/datasize v0.0.0-20171227191756-4eba002a5eae
go: finding github.com/go-openapi/swag v0.0.0-20171111214437-cf0bdb963811
go: finding github.com/mwitkow/go-conntrack v0.0.0-20161129095857-cc309e4a2223
go: finding github.com/googleapis/gax-go v2.0.0+incompatible
go: finding github.com/petar/GoLLRB v0.0.0-20130427215148-53be0d36a84c
go: finding github.com/fsouza/fake-gcs-server v0.0.0-20180612165233-e85be23bdaa8
go: finding github.com/google/martian v2.1.0+incompatible
go: finding github.com/google/uuid v1.1.0
go: finding github.com/coreos/go-semver v0.2.0
go: finding github.com/Microsoft/go-winio v0.4.6
go: finding github.com/golang/groupcache v0.0.0-20180924190550-6f2cf27854a4
go: finding cloud.google.com/go v0.30.0
go: finding golang.org/x/sys v0.0.0-20181011152604-fa43e7bc11ba
go: finding github.com/jmespath/go-jmespath v0.0.0-20160202185014-0b12d6b521d8
go: finding github.com/stretchr/ob** v0.1.0
go: finding github.com/qor/inflection v0.0.0-20180308033659-04140366298a
go: finding github.com/google/go-querystring v0.0.0-20150414214848-547ef5ac9797
go: finding github.com/dnaeon/go-vcr v1.0.1
go: finding golang.org/x/net v0.0.0-20181017193950-04a2e542c03f
go: finding github.com/modern-go/reflect2 v0.0.0-20180701023420-4b7aa43c6742
go: finding github.com/google/subcommands v0.0.0-20181012225330-46f0354f6315
go: finding github.com/hashicorp/go-multierror v0.0.0-20171204182908-b7773ae21874
go: finding github.com/grpc-ecosystem/go-grpc-prometheus v1.2.0
go: finding go.opencensus.io v0.15.0
go: finding go.uber.org/zap v1.9.1
go: finding google.golang.org/api v0.0.0-20181017004218-3f6e8463aa1d
go: finding github.com/google/wire v0.2.0
go: finding github.com/xlab/handysort v0.0.0-20150421192137-fb3537ed64a1
go: finding github.com/go-ini/ini v1.25.4
go: finding github.com/deckarep/golang-set v0.0.0-20171013212420-1d4478f51bed
go: finding gopkg.in/check.v1 v0.0.0-20161208181325-20d25e280405
go: finding github.com/streadway/amqp v0.0.0-20181107104731-27835f1a64e9
go: finding github.com/go-sql-driver/mysql v0.0.0-20160411075031-7ebe0a500653
go: finding golang.org/x/sys v0.0.0-20181004145325-8469e314837c
go: finding github.com/gopherjs/gopherjs v0.0.0-20181017120253-0766667cb4d1
go: finding github.com/andygrunwald/go-gerrit v0.0.0-20171029143327-95b11af228a1
go: finding k8s.io/kube-openapi v0.0.0-20180711000925-0cf8f7e6ed1d
go: finding github.com/golang/groupcache v0.0.0-20180513044358-24b0969c4cb7
go: finding github.com/opencontainers/image-spec v1.0.1
go: finding github.com/jinzhu/inflection v0.0.0-20151009084129-3272df6c21d0
go: finding github.com/knative/build v0.2.0
go: finding k8s.io/kube-openapi v0.0.0-20190205214119-36ebc4887cdc
go: finding github.com/Azure/go-autorest v10.12.0+incompatible
go: finding github.com/jonboulle/clockwork v0.1.0
go: finding github.com/grpc-ecosystem/go-grpc-middleware v1.0.0
go: finding github.com/googleapis/gnostic v0.2.0
go: finding github.com/ugorji/go/codec v0.0.0-20181012064053-8333dd449516
go: finding k8s.io/metrics v0.0.0-20181128195641-3954d62a524d
go: finding github.com/erikstmartin/go-testdb v0.0.0-20160219214506-8d10e4a1bae5
go: finding github.com/opencontainers/go-digest v1.0.0-rc1
go: finding github.com/gobuffalo/envy v1.6.5
go: finding github.com/satori/go.uuid v0.0.0-20160713180306-0aa62d5ddceb
go: finding gopkg.in/robfig/cron.v2 v2.0.0-20150107220207-be2e0b0deed5
go: finding github.com/grpc-ecosystem/grpc-gateway v1.5.1
go: finding github.com/gorilla/securecookie v1.1.1
go: finding github.com/onsi/ginkgo v1.5.0
go: finding go.uber.org/atomic v1.3.2
go: finding github.com/aws/aws-sdk-go v1.16.18
go: finding github.com/hashicorp/errwrap v0.0.0-20141028054710-7554cd9344ce
go: finding github.com/hashicorp/golang-lru v0.0.0-20180201235237-0fb14efe8c47
go: finding github.com/hailocab/go-hostpool v0.0.0-20160125115350-e80d13ce29ed
go: finding github.com/Azure/azure-sdk-for-go v21.1.0+incompatible
go: finding github.com/go-stack/stack v1.8.0
go: finding gopkg.in/ini.v1 v1.39.0
go: finding github.com/evanphx/json-patch v4.1.0+incompatible
go: finding github.com/google/go-github v0.0.0-20170604030111-7a51fb928f52
go: finding github.com/NYTimes/gziphandler v0.0.0-20160419202541-63027b26b87e
go: finding github.com/shurcooL/githubv4 v0.0.0-20180925043049-51d7b505e2e9
go: finding github.com/BurntSushi/toml v0.3.0
go: finding github.com/mattn/go-sqlite3 v0.0.0-20160514122348-38ee283dabf1
go: finding vbom.ml/util v0.0.0-20170409195630-256737ac55c4
go: finding contrib.go.opencensus.io/exporter/stackdriver v0.6.0
go: finding github.com/docker/go-units v0.3.2
go: finding github.com/hashicorp/go-version v0.0.0-20180322230233-23480c066577
go: finding github.com/coreos/go-systemd v0.0.0-20181012123002-c6f51f82210d
go: finding golang.org/x/tools v0.0.0-20181017214349-06f26fdaaa28
go: finding github.com/coreos/etcd v3.3.10+incompatible
go: finding github.com/go-openapi/strfmt v0.17.0
go: finding go.uber.org/multierr v1.1.0
go: finding github.com/aws/aws-k8s-tester v0.0.0-20190114231546-b411acf57dfe
go: finding github.com/bazelbuild/buildtools v0.0.0-20180226164855-80c7f0d45d7e
go: finding github.com/aws/aws-sdk-go v1.15.27
go: finding google.golang.org/api v0.0.0-20181021000519-a2651947f503
go: finding github.com/pelletier/go-toml v1.2.0
go: finding github.com/tmc/grpc-websocket-proxy v0.0.0-20171017195756-830351dc03c6
go: finding github.com/blang/semver v3.5.1+incompatible
go: finding golang.org/x/oauth2 v0.0.0-20181017192945-9dcd33a902f4
go: finding github.com/docker/distribution v0.0.0-20170726174610-edc3ab29cdff
go: finding github.com/gregjones/httpcache v0.0.0-20160524185540-16db777d8ebe
go: finding github.com/mattn/go-isatty v0.0.3
go: finding github.com/modern-go/reflect2 v1.0.1
go: finding github.com/Azure/azure-storage-blob-go v0.0.0-20181023070848-cf01652132cc
go: finding go.etcd.io/etcd v0.0.0-20181031231232-83304cfc808c
go: finding github.com/joho/godotenv v1.3.0
go: finding golang.org/x/crypto v0.0.0-20181015023909-0c41d7ab0a0e
go: finding github.com/knative/build v0.1.2
go: finding github.com/gorilla/sessions v1.1.3
go: finding k8s.io/test-infra v0.0.0-20181019233642-2e10a0bbe9b3
go: finding github.com/onsi/gomega v1.4.2
go: finding github.com/go-openapi/jsonreference v0.0.0-20161105162150-36d33bfe519e
go: finding github.com/dustin/go-humanize v1.0.0
go: finding github.com/go-yaml/yaml v2.1.0+incompatible
go: finding github.com/Azure/azure-storage-blob-go v0.0.0-20180507052152-66ba96e49ebb
go: finding github.com/influxdata/influxdb v0.0.0-20161215172503-049f9b42e9a5
go: finding github.com/prometheus/common v0.0.0-20181020173914-7e9e6cabbd39
go: finding gopkg.in/check.v1 v1.0.0-20161208181325-20d25e280405
go: finding github.com/knative/pkg v0.0.0-20181205230426-0e41760cea1d
go: finding k8s.io/utils v0.0.0-20181019225348-5e321f9a457c
go: finding gopkg.in/fsnotify.v1 v1.4.7
go: finding github.com/ugorji/go v1.1.1
go: finding github.com/prometheus/procfs v0.0.0-20180612222113-7d6f385de8be
go: finding go.etcd.io/bbolt v1.3.1-etcd.7
go: finding github.com/olekukonko/tablewriter v0.0.0-20170122224234-a0225b3f23b5
go: finding github.com/gorilla/websocket v0.0.0-20170926233335-4201258b820c
go: finding github.com/golang/groupcache v0.0.0-20160516000752-02826c3e7903
go: finding github.com/mitchellh/ioprogress v0.0.0-20180201004757-6a23b12fa88e
go: finding github.com/shurcooL/graphql v0.0.0-20180924043259-e4a3a37e6d42
go: finding github.com/coreos/pkg v0.0.0-20160727233714-3ac0863d7acf
go: finding github.com/tmc/grpc-websocket-proxy v0.0.0-20170815181823-89b8d40f7ca8
go: finding google.golang.org/genproto v0.0.0-20180608181217-32ee49c4dd80
go: finding github.com/dustin/go-humanize v0.0.0-20171111073723-bb3d318650d4
go: finding github.com/prometheus/common v0.0.0-20180518154759-7600349dcfe1
go: finding github.com/json-iterator/go v1.1.5
go: finding github.com/prometheus/client_model v0.0.0-20170216185247-6f3806018612
go: finding github.com/kr/pty v1.0.0
go: finding github.com/mattn/go-isatty v0.0.4
go: finding gopkg.in/tomb.v1 v1.0.0-20141024135613-dd632973f1e7
go: finding github.com/bgentry/speakeasy v0.1.0
go: finding github.com/coreos/go-systemd v0.0.0-20180511133405-39ca1b05acc7
go: finding github.com/matttproud/golang_protobuf_extensions v1.0.0
go: finding golang.org/x/crypto v0.0.0-20180608092829-8ac0e0d97ce4
go: finding github.com/prometheus/common v0.0.0-20181015124227-bcb74de08d37
go: finding github.com/shurcooL/go v0.0.0-20180423040247-9e1955d9fb6e
go: finding gopkg.in/airbrake/gobrake.v2 v2.0.9
go: finding gopkg.in/gemnasium/logrus-airbrake-hook.v2 v2.1.2
go: finding gopkg.in/cheggaaa/pb.v1 v1.0.25
go: finding github.com/mattn/go-runewidth v0.0.2
go: finding github.com/urfave/cli v1.18.0
go: finding github.com/grpc-ecosystem/grpc-gateway v1.4.1
go: downloading github.com/jenkins-x/sonobuoy v0.11.7-0.20190318120422-253758214767
go: downloading github.com/knative/serving v0.5.0
go: downloading github.com/jetstack/cert-manager v0.5.2
go: downloading github.com/banzaicloud/bank-vaults v0.0.0-20181129101211-e31657d7c4fe
go: downloading github.com/knative/build v0.5.0
go: downloading k8s.io/apimachinery v0.0.0-20190122181752-bebe27e40fb7
go: downloading k8s.io/client-go v2.0.0-alpha.0.0.20190115164855-701b91367003+incompatible
go: downloading gopkg.in/src-d/go-git.v4 v4.5.0
go: downloading github.com/xeipuuv/gojsonschema v1.1.0
go: downloading github.com/Pallinder/go-randomdata v0.0.0-20180616180521-15df0648130a
go: downloading github.com/tektoncd/pipeline v0.3.1
go: downloading k8s.io/api v0.0.0-20181128191700-6db15a15d2d3
go: downloading github.com/IBM-Cloud/bluemix-go v0.0.0-20181008063305-d718d474c7c2
go: downloading github.com/aws/aws-sdk-go v1.17.10
go: downloading github.com/sergi/go-diff v1.0.0
go: downloading golang.org/x/oauth2 v0.0.0-20181203162652-d668ce993890
go: downloading github.com/spf13/pflag v1.0.3
go: downloading k8s.io/apiextensions-apiserver v0.0.0-20181128195303-1f84094d7e8e
go: downloading github.com/pborman/uuid v1.2.0
go: downloading github.com/google/go-github v17.0.0+incompatible
go: downloading github.com/fatih/structs v1.0.0
go: downloading github.com/mattbaird/jsonpatch v0.0.0-20171005235357-81af80346b1a
go: downloading github.com/emirpasic/gods v1.9.0
go: downloading github.com/golang/glog v0.0.0-20160126235308-23def4e6c14b
go: downloading github.com/ghodss/yaml v1.0.0
go: downloading k8s.io/helm v2.7.2+incompatible
go: downloading golang.org/x/sync v0.0.0-20181221193216-37e7f081c4d4
go: downloading github.com/fatih/color v1.7.0
go: downloading github.com/alecthomas/jsonschema v0.0.0-20190504002508-159cbd5dba26
go: downloading github.com/knative/pkg v0.0.0-20190402181056-ff46edef0ae5
go: downloading k8s.io/test-infra v0.0.0-20190131093439-a22cef183a8f
go: downloading github.com/chromedp/chromedp v0.1.1
go: downloading github.com/cloudflare/cfssl v0.0.0-20190409034051-768cd563887f
go: downloading github.com/mholt/archiver v3.1.1+incompatible
go: downloading golang.org/x/crypto v0.0.0-20190123085648-057139ce5d2b
go: downloading github.com/stretchr/testify v1.3.0
go: downloading github.com/blang/semver v3.5.1+incompatible
go: downloading sigs.k8s.io/yaml v1.1.0
go: downloading code.gitea.io/sdk v0.0.0-20180702024448-79a281c4e34a
go: downloading github.com/mattn/go-colorable v0.0.9
go: downloading github.com/spf13/cobra v0.0.3
go: downloading github.com/pkg/errors v0.8.0
go: downloading golang.org/x/net v0.0.0-20181114220301-adae6a3d119a
go: downloading github.com/jtnord/logrus v1.4.2-0.20190423161236-606ffcaf8f5d
go: downloading github.com/chromedp/cdproto v0.0.0-20180720050708-57cf4773008d
go: downloading github.com/xanzy/go-gitlab v0.0.0-20180814191223-f3bc634ab936
go: downloading github.com/Azure/draft v0.15.0
go: downloading github.com/google/go-querystring v0.0.0-20170111101155-53e6ce116135
go: downloading github.com/xi2/xz v0.0.0-20171230120015-48954b6210f8
go: downloading github.com/gophercloud/gophercloud v0.0.0-20181215224939-bdd8b1ecd793
go: downloading github.com/alexflint/go-filemutex v0.0.0-20171028004239-d358565f3c3f
go: downloading gopkg.in/yaml.v2 v2.2.1
go: downloading github.com/nlopes/slack v0.0.0-20180721202243-347a74b1ea30
go: downloading github.com/satori/go.uuid v1.2.1-0.20180103174451-36e9d2ebbde5
go: downloading github.com/andygrunwald/go-jira v1.5.0
go: downloading gopkg.in/AlecAivazis/survey.v1 v1.8.3
go: downloading github.com/gogo/protobuf v1.1.1
go: downloading github.com/Jeffail/gabs v1.1.1
go: downloading github.com/trivago/tgo v1.0.1
go: downloading github.com/mailru/easyjson v0.0.0-20180823135443-60711f1a8329
go: downloading github.com/mitchellh/mapstructure v1.1.2
go: downloading github.com/nwaples/rardecode v1.0.0
go: downloading github.com/golang/protobuf v1.2.0
go: downloading github.com/antham/chyle v1.4.0
go: downloading github.com/google/go-containerregistry v0.0.0-20190317040536-ebbba8469d06
go: downloading github.com/mgutz/ansi v0.0.0-20170206155736-9520e82c474b
go: downloading github.com/shirou/gopsutil v0.0.0-20180901134234-eb1f1ab16f2e
go: downloading github.com/andygrunwald/go-gerrit v0.0.0-20181026193842-43cfd7a94eb4
go: downloading github.com/golang/snappy v0.0.0-20180518054509-2e65f85255db
go: downloading github.com/iancoleman/orderedmap v0.0.0-20181121102841-22c6ecc9fe13
go: downloading github.com/xeipuuv/gojsonreference v0.0.0-20180127040603-bd5ef7bd5415
go: downloading github.com/hashicorp/go-version v1.0.0
go: downloading github.com/gfleury/go-bitbucket-v1 v0.0.0-20190216152406-3a732135aa4d
go: downloading github.com/jbrukh/bayesian v0.0.0-20161210175230-bf3f261f9a9c
go: downloading github.com/cenkalti/backoff v2.0.0+incompatible
go: downloading github.com/google/uuid v1.1.0
go: downloading github.com/russross/blackfriday v1.5.1
go: downloading github.com/gorilla/websocket v1.4.0
go: downloading github.com/shurcooL/githubv4 v0.0.0-20180925043049-51d7b505e2e9
go: downloading github.com/denormal/go-gitignore v0.0.0-20180713143441-75ce8f3e513c
go: downloading github.com/MakeNowJust/heredoc v0.0.0-20171113091838-e9091a26100e
go: downloading gopkg.in/inf.v0 v0.9.1
go: downloading golang.org/x/time v0.0.0-20180412165947-fbb02b2291d2
go: downloading github.com/kballard/go-shellquote v0.0.0-20180428030007-95032a82bc51
go: downloading github.com/hashicorp/golang-lru v0.5.0
go: downloading github.com/onsi/ginkgo v1.6.0
go: downloading github.com/knq/sysutil v0.0.0-20180306023629-0218e141a794
go: downloading github.com/gorilla/mux v1.6.2
go: downloading github.com/spf13/cast v1.2.0
go: downloading github.com/go-openapi/jsonreference v0.17.0
go: downloading gocloud.dev v0.9.0
go: downloading github.com/beevik/etree v1.0.1
go: downloading github.com/hashicorp/vault v0.11.4
go: downloading github.com/codeship/codeship-go v0.0.0-20180717142545-7793ca823354
go: downloading github.com/google/gofuzz v0.0.0-20170612174753-24818f796faf
go: downloading golang.org/x/text v0.3.0
go: downloading k8s.io/metrics v0.0.0-20181128195641-3954d62a524d
go: downloading github.com/wbrefvem/go-bitbucket v0.0.0-20190128183802-fc08fd046abb
go: downloading github.com/Masterminds/semver v1.4.2
go: downloading github.com/hpcloud/tail v1.0.0
go: downloading github.com/json-iterator/go v1.1.5
go: downloading github.com/danwakefield/fnmatch v0.0.0-20160403171240-cbb64ac3d964
go: downloading k8s.io/kube-openapi v0.0.0-20190205214119-36ebc4887cdc
go: downloading github.com/modern-go/reflect2 v1.0.1
go: downloading github.com/operator-framework/operator-sdk v0.0.0-20181011175812-913cbf711929
go: downloading github.com/stoewer/go-strcase v1.0.1
go: downloading github.com/dsnet/compress v0.0.0-20171208185109-cc9eb1d7ad76
go: downloading github.com/shurcooL/graphql v0.0.0-20180924043259-e4a3a37e6d42
go: downloading github.com/gobwas/glob v0.2.3
go: downloading github.com/gorilla/sessions v1.1.3
go: downloading github.com/Azure/go-autorest v10.15.5+incompatible
go: downloading github.com/shurcooL/go v0.0.0-20180423040247-9e1955d9fb6e
go: downloading k8s.io/kubernetes v1.11.3
go: downloading github.com/pierrec/lz4 v2.0.5+incompatible
go: downloading github.com/c2h5oh/datasize v0.0.0-20171227191756-4eba002a5eae
go: downloading github.com/gregjones/httpcache v0.0.0-20180305231024-9cad4c3443a7
go: downloading github.com/xeipuuv/gojsonpointer v0.0.0-20180127040702-4e3ac2762d5f
go: downloading github.com/gorilla/context v1.1.1
go: downloading github.com/dgrijalva/jwt-go v3.2.0+incompatible
go: downloading github.com/pkg/browser v0.0.0-20170505125900-c90ca0c84f15
go: downloading github.com/go-openapi/spec v0.17.1
go: downloading gopkg.in/fsnotify.v1 v1.4.7
go: downloading golang.org/x/sys v0.0.0-20190411185658-b44545bcd369
go: downloading github.com/gorilla/securecookie v1.1.1
go: downloading github.com/mattn/go-isatty v0.0.4
go: downloading github.com/jenkins-x/draft-repo v0.0.0-20180417100212-2f66cc518135
go: downloading github.com/google/wire v0.2.0
go: downloading github.com/cpuguy83/go-md2man v1.0.8
go: downloading gopkg.in/robfig/cron.v2 v2.0.0-20150107220207-be2e0b0deed5
go: downloading github.com/src-d/gcfg v1.3.0
go: downloading github.com/jenkins-x/golang-jenkins v0.0.0-20180919102630-65b83ad42314
go: downloading github.com/modern-go/concurrent v0.0.0-20180306012644-bacd9c7ef1dd
go: downloading github.com/evanphx/json-patch v4.1.0+incompatible
go: downloading github.com/peterbourgon/diskv v2.0.1+incompatible
go: downloading github.com/emicklei/go-restful v2.8.0+incompatible
go: downloading cloud.google.com/go v0.34.0
go: downloading github.com/go-openapi/jsonpointer v0.17.0
go: downloading gopkg.in/warnings.v0 v0.1.2
go: downloading github.com/imdario/mergo v0.3.6
go: downloading google.golang.org/api v0.1.0
go: downloading github.com/jbenet/go-context v0.0.0-20150711004518-d14ea06fba99
go: downloading github.com/BurntSushi/toml v0.3.0
go: downloading github.com/google/go-cmp v0.2.0
go: downloading github.com/rodaine/hclencoder v0.0.0-20180926060551-0680c4321930
go: downloading github.com/jmespath/go-jmespath v0.0.0-20180206201540-c2b33e8439af
go: downloading github.com/PuerkitoBio/purell v1.1.0
go: downloading github.com/docker/spdystream v0.0.0-20170912183627-bc6354cbbc29
go: downloading github.com/hashicorp/hcl v0.0.0-20180404174102-ef8a98b0bbce
go: downloading github.com/sethvargo/go-password v0.1.2
go: downloading github.com/spf13/viper v1.0.2
go: downloading github.com/fsnotify/fsnotify v1.4.7
go: downloading github.com/pmezard/go-difflib v1.0.0
go: downloading github.com/ulikunitz/xz v0.5.6
go: downloading gopkg.in/tomb.v1 v1.0.0-20141024135613-dd632973f1e7
go: downloading github.com/googleapis/gnostic v0.2.0
go: downloading github.com/viniciuschiele/tarx v0.0.0-20151205142357-6e3da540444d
go: downloading github.com/PuerkitoBio/urlesc v0.0.0-20170810143723-de5bf2ad4578
go: downloading github.com/rifflock/lfshook v0.0.0-20180227222202-bf539943797a
go: downloading github.com/pelletier/go-toml v1.2.0
go: downloading github.com/magiconair/properties v1.8.0
go: downloading github.com/rollout/rox-go v0.0.0-20181220111955-29ddae74a8c4
go: downloading github.com/prometheus/client_golang v0.9.1
go: downloading github.com/Azure/azure-storage-blob-go v0.0.0-20181023070848-cf01652132cc
go: downloading github.com/disintegration/imaging v1.4.2
go: downloading github.com/prometheus/client_model v0.0.0-20180712105110-5c3871d89910
go: downloading github.com/google/btree v0.0.0-20180813153112-4030bb1f1f0c
go: downloading github.com/spf13/jwalterweatherman v0.0.0-20180109140146-7c0cea34c8ec
go: downloading github.com/prometheus/procfs v0.0.0-20181005140218-185b4288413d
go: downloading gopkg.in/src-d/go-billy.v4 v4.2.0
go: downloading github.com/spf13/afero v1.1.1
go: downloading github.com/Azure/azure-pipeline-go v0.1.8
go: downloading github.com/prometheus/common v0.2.0
go: downloading golang.org/x/image v0.0.0-20180628062038-cc896f830ced
go: downloading github.com/go-openapi/swag v0.17.0
go: downloading github.com/go-errors/errors v1.0.1
go: downloading github.com/hashicorp/go-cleanhttp v0.5.0
go: downloading github.com/hashicorp/go-rootcerts v0.0.0-20160503143440-6bb64b370b90
go: downloading github.com/beorn7/perks v0.0.0-20180321164747-3a771d992973
go: downloading google.golang.org/grpc v1.17.0
go: downloading github.com/matttproud/golang_protobuf_extensions v1.0.1
go: downloading github.com/hashicorp/errwrap v1.0.0
go: downloading github.com/mitchellh/go-homedir v0.0.0-20180523094522-3864e76763d9
go: downloading github.com/xanzy/ssh-agent v0.2.0
go: downloading github.com/hashicorp/go-multierror v1.0.0
go: downloading github.com/hashicorp/go-sockaddr v1.0.0
go: downloading github.com/hashicorp/go-retryablehttp v0.0.0-20180718195005-e651d75abec6
go: downloading github.com/davecgh/go-spew v1.1.1
go: downloading github.com/rollout/sse v0.0.0-20181105093643-e422b54b3b28
go: downloading github.com/ryanuber/go-glob v0.0.0-20170128012129-256dc444b735
go: downloading gopkg.in/cenkalti/backoff.v1 v1.1.0
go: downloading github.com/kevinburke/ssh_config v0.0.0-20180317175531-9fc7bb800b55
go: downloading github.com/pelletier/go-buffruneio v0.2.0
go: downloading google.golang.org/genproto v0.0.0-20190219182410-082222b4a5c5
go: downloading go.opencensus.io v0.18.0
go: downloading github.com/googleapis/gax-go v2.0.0+incompatible
go: finding k8s.io/api v0.0.0-20190126160303-ccdd560a045f
go: finding k8s.io/client-go v9.0.0+incompatible
go: finding github.com/heptio/sonobuoy v0.12.0
go: finding github.com/sirupsen/logrus v1.4.1
go: finding k8s.io/metrics v0.0.0-20180620010437-b11cf31b380b
Step: build-step-validate-binary:

** is a command line tool for working with Jenkins X

Installing:
  install                   Install Jenkins X in the current Kubernetes cluster
  uninstall                 Uninstall the Jenkins X platform
  upgrade                   Upgrades a resource
  create cluster            Create a new Kubernetes cluster
  update cluster            Updates an existing Kubernetes cluster
  create jenkins token      Adds a new username and API token for a Jenkins server
  delete jenkins token      Deletes one or more Jenkins user API tokens
  init                      Init Jenkins X

Adding Projects to Jenkins X:
  import                    Imports a local project or Git repository into Jenkins
  create archetype          Create a new app from a Maven Archetype and import the generated code into Git and Jenkins for CI/CD
  create spring             Create a new Spring Boot application and import the generated code into Git and Jenkins for CI/CD
  create lile               Create a new Lile based application and import the generated code into Git and Jenkins for CI/CD
  create micro              Create a new micro based application and import the generated code into Git and Jenkins for CI/CD
  create quickstart         Create a new app from a Quickstart and import the generated code into Git and Jenkins for CI/CD
  create quickstartlocation Create a location of quickstarts for your team

Apps:
  create addon              Creates an addon
  create token addon        Adds a new token/login for a user for a given addon
  delete addon              Deletes one or more addons
  delete token addon        Deletes one or more API tokens for a user on an issue addon server
  delete app                Deletes one or more apps from Jenkins X
  delete application        Deletes one or more applications from Jenkins
  add app                   Adds an app

Git:
  create git server         Creates a new Git server from a URL and kind
  delete git server         Deletes one or more Git servers
  create git token          Adds a new API token for a user on a Git server
  delete git token          Deletes one or more API tokens for a user on a Git server
  repository                Opens the web page for the current Git repository in a browser

Working with Kubernetes:
  compliance                Run compliance tests against Kubernetes cluster
  completion                Output shell completion code for the given shell (bash or zsh)
  context                   View or change the current Kubernetes context (Kubernetes cluster)
  environment               View or change the current environment in the current Kubernetes cluster
  team                      View or change the current team in the current Kubernetes cluster
  namespace                 View or change the current namespace context in the current Kubernetes cluster
  prompt                    Generate the command line prompt for the current team and environment
  scan                      Perform a scan action
  shell                     Create a sub shell so that changes to the Kubernetes context, namespace or environment remain local to the shell
  status                    status of the Kubernetes cluster or named node

Working with Applications:
  console                   Opens the Jenkins console
  logs                      Tails the log of the latest pod for a deployment
  open                      Open a service in a browser
  rsh                       Opens a terminal in a pod or runs a command in the pod
  sync                      Synchronises your local files to a DevPod

Working with CloudBees application:
  cloudbees                 Opens the CloudBees app for Kubernetes for visualising CI/CD and your environments
  login                     Onboard an user into the CloudBees application

Working with Environments:
  preview                   Creates or updates a Preview Environment for the current version of an application
  promote                   Promotes a version of an application to an Environment
  create addon environment  Create an Environment Controller to handle webhooks and promote changes from GitOps
  create environment        Create a new Environment which is used to promote your Team's Applications via Continuous Delivery
  delete addon environment  Deletes the Environment Controller 
  delete environment        Deletes one or more Environments
  edit environment          Edits an Environment which is used to promote your Team's Applications via Continuous Delivery
  get environments          Display one or more Environments

Working with Jenkins X resources:
  get                       Display one or more resources
  edit                      Edit a resource
  create                    Create a new resource
  update                    Updates an existing resource
  delete                    Deletes one or more resources
  add                       Adds a new resource
  start                     Starts a process such as a pipeline
  stop                      Stops a process such as a pipeline

Jenkins X Pipeline Commands:
  step                      pipeline steps

Jenkins X services:
  controller                Runs a controller
  gc                        Garbage collects Jenkins X resources

Other Commands:
  diagnose                  Print diagnostic information about the Jenkins X installation
  docs                      Open the documentation in a browser
  help                      Help about any command
  version                   Print the version information

Options:
  -b, --batch-mode=true: Runs in batch mode without prompting for user input
      --install-dependencies=false: Enables automatic dependencies installation when required
      --log-level='info': Sets the logging level (panic, fatal, error, warning, info, debug)
      --no-brew=false: Disables brew package manager on MacOS when installing binary dependencies
      --skip-auth-secrets-merge=false: Skips merging the secrets from local files with the secrets from Kubernetes cluster
      --verbose=false: Enables verbose output
      --version=false: version for **
Usage:
  ** [flags] [options]
Use "** <command> --help" for more information about a given command.
Use "** options" for a list of global command-line options (applies to all commands).
Step: build-step-build-and-push-image:

[36mINFO[0m[0000] Downloading base image centos:7              
ERROR: logging before flag.Parse: E0513 11:34:01.139303      13 metadata.go:142] while reading 'google-dockercfg' metadata: http status code: 404 while fetching url http://metadata.google.internal./computeMetadata/v1/instance/attributes/google-dockercfg
ERROR: logging before flag.Parse: E0513 11:34:01.144720      13 metadata.go:159] while reading 'google-dockercfg-url' metadata: http status code: 404 while fetching url http://metadata.google.internal./computeMetadata/v1/instance/attributes/google-dockercfg-url
[36mINFO[0m[0001] Error while retrieving image from cache: getting file info: stat /workspace/sha256:ca58fe458b8d94bc6e3072f1cfbd334855858e05e1fd633aa07cf7f82b048e66: no such file or directory 
[36mINFO[0m[0001] Downloading base image centos:7              
[36mINFO[0m[0002] Checking for cached layer jenkins-x-docker-registry.**.svc.cluster.local:5000/204a289e5f0fa16d44397237b1fa8bee4e4307351a4701310efb656a2c669d70... 
2019/05/13 11:34:03 No matching credentials were found, falling back on anonymous
[36mINFO[0m[0002] Using caching version of cmd: RUN yum install -y git 
[36mINFO[0m[0002] Using files from context: [/workspace/source/build/linux/**] 
[36mINFO[0m[0002] Skipping unpacking as no commands require it. 
[36mINFO[0m[0002] Taking snapshot of full filesystem...        
[36mINFO[0m[0002] RUN yum install -y git                       
[36mINFO[0m[0002] Found cached layer, extracting to filesystem 
[36mINFO[0m[0005] Taking snapshot of files...                  
[36mINFO[0m[0009] ENTRYPOINT ["**", "version"]                 
[36mINFO[0m[0009] No files changed in this command, skipping snapshotting. 
[36mINFO[0m[0009] Using files from context: [/workspace/source/build/linux/**] 
[36mINFO[0m[0009] COPY ./build/linux/** /usr/bin/**            
[36mINFO[0m[0010] Taking snapshot of files...                  
2019/05/13 11:34:15 existing blob: sha256:8ba884070f611d31cb2c42eddb691319dc9facf5e0ec67672fcfa135181ab3df
2019/05/13 11:34:16 pushed blob sha256:9c988706b220682de6af1b64bf61ec7feb539e3b80593d7d63a9abaf2ad3ee42
2019/05/13 11:34:24 pushed blob sha256:270766213580462d969573a59e2c7d51d16c46ef0385e760346226ecab7be664
2019/05/13 11:34:26 pushed blob sha256:f24e2175f3ec1363af85cc84571d8dc9a4cc2e4bb9769449d92d2b81ccdcba0f
2019/05/13 11:34:27 index.docker.io/jenkinsxio/**:0.0.0-SNAPSHOT-PR-3905-32: digest: sha256:c122f771ebcad40a7615cfc990fcd8e68202ef796d5554cc89608c206a8607b9 size: 759
Step: build-step-build-and-push-nodejs:

[36mINFO[0m[0000] Downloading base image gcr.io/jenkinsxio/builder-nodejs:0.1.404 
[36mINFO[0m[0000] Error while retrieving image from cache: getting file info: stat /workspace/sha256:888b7a30b8fa4452f2d48fbbe7653db74c5789d556514fa74ccc3bb8c3e13a01: no such file or directory 
[36mINFO[0m[0000] Downloading base image gcr.io/jenkinsxio/builder-nodejs:0.1.404 
[36mINFO[0m[0000] Using files from context: [/workspace/source/build/linux/**] 
[36mINFO[0m[0001] Skipping unpacking as no commands require it. 
[36mINFO[0m[0001] Taking snapshot of full filesystem...        
[36mINFO[0m[0001] Using files from context: [/workspace/source/build/linux/**] 
[36mINFO[0m[0001] COPY build/linux/** /usr/bin/**              
[36mINFO[0m[0002] Taking snapshot of files...                  
ERROR: logging before flag.Parse: E0513 11:34:38.617646      13 metadata.go:159] while reading 'google-dockercfg-url' metadata: http status code: 404 while fetching url http://metadata.google.internal./computeMetadata/v1/instance/attributes/google-dockercfg-url
ERROR: logging before flag.Parse: E0513 11:34:38.628330      13 metadata.go:142] while reading 'google-dockercfg' metadata: http status code: 404 while fetching url http://metadata.google.internal./computeMetadata/v1/instance/attributes/google-dockercfg
2019/05/13 11:34:40 existing blob: sha256:07c11f05f0fe46942d4ac2aa7695fca903a41bd82002831518bb69ebf2a216b9
2019/05/13 11:34:40 existing blob: sha256:6f098dbb9bb757114e9e935dda763772c310d457464877d8e7b83d96fcdd98bd
2019/05/13 11:34:40 existing blob: sha256:850fe1fb1f31bf0891f1f409ef2fff8dede0995e70a7c914183d7f0efc817ad9
2019/05/13 11:34:40 existing blob: sha256:5a529195a76ae36cf3dad27c2e13db407f4296dcc5041cf8582a42d1e0f2dee5
2019/05/13 11:34:40 existing blob: sha256:9b40875263d4268c553a853e1a477cae73c398235fbbeec87780e15be1d6912d
2019/05/13 11:34:40 existing blob: sha256:7212aa959cf766e51727f63a169166d55951225762a0dc27a1ef4e8b452af017
2019/05/13 11:34:40 existing blob: sha256:4ef19eaf08cac82cdd765de13a4fe01aeef6eae81fb3e4bccfb5f269d41f9390
2019/05/13 11:34:40 existing blob: sha256:0a6e1677fa1066c576658ad5d186fcc1155fb52e9579c48b2a2c653a0fdf100c
2019/05/13 11:34:40 existing blob: sha256:a57246cf0c532f1a18af3531551fe8a4ff65d83af32f3fc89a92c911f8c14512
2019/05/13 11:34:40 existing blob: sha256:6fc8470c731ef5e4ed82bb5d3e2e942246d70817bb9c628f7110b79c60d36167
2019/05/13 11:34:40 existing blob: sha256:d05598381f5ba9c6f27603b3575bc5af22c32ea7f2433d36a1f8327cf27cb791
2019/05/13 11:34:40 existing blob: sha256:02d517ac5f5c959038a0089c99383af3c8f67a80480b8eb2cb40f4a063727f8d
2019/05/13 11:34:40 existing blob: sha256:88f42f289cda99099875c2d201d18e50c6a444f59a41ed7bc81fc47dfe4eb3cb
2019/05/13 11:34:40 existing blob: sha256:4300c249c6ee130ad8071304523529d6fcc24dc224711da7bb178cd0e4edeb4a
2019/05/13 11:34:40 existing blob: sha256:a801b1a6ad33f0e2cd21f3ef3db529c7b4e6ffec840b7526553135041ddcdeb5
2019/05/13 11:34:40 existing blob: sha256:418b55202fcf444fc2c9779693875598f072d004cd4f6d8d2d1ba1ff30d11e5a
2019/05/13 11:34:40 existing blob: sha256:0698c414ddacb26bb6c3bdf1d811f15ab26a67d3864fbfa8a79bffc4ef22f6f1
2019/05/13 11:34:40 existing blob: sha256:46b86ef9996bd92108b8607f2b4ebcff006cc7714c105ec27d4a7115eae6ae0b
2019/05/13 11:34:40 existing blob: sha256:8c95aa7bb181133a8bb7b33fdcd7f9d205e3a006abe9ddcfbe671e5cd974c7d1
2019/05/13 11:34:40 existing blob: sha256:fff1fffc839967bb365a687b3767246ea4c8aa935a976422c9c7f72949f8f6b2
2019/05/13 11:34:40 existing blob: sha256:70253f19954a997b26f4707cbefb9d37954a8231eb330a1ed56e96b904d7e87b
2019/05/13 11:34:40 existing blob: sha256:e8da5d030f2853a542157cf05e7ecd0c74effab1d31937bafff11925b6a81c7b
2019/05/13 11:34:40 existing blob: sha256:36a6199ebf41d5847778d37caae92cad9935054528a5aa0cb34b45499d7f0e5c
2019/05/13 11:34:40 existing blob: sha256:ab97414bb69609699d24ea4a8edc61fda3372235a6aab75bf6e9d0d24f36a77a
2019/05/13 11:34:40 existing blob: sha256:4c385cfdcbdcb895e89e5acae7c33d2d0c03b13cf03886358157e7768503fb2e
2019/05/13 11:34:40 existing blob: sha256:3ae647bef846cd897fd444a7a2704099df434655928c1fb90d2cf658918bc3aa
2019/05/13 11:34:40 existing blob: sha256:050c86e40aca5d42bdfacf81f0f9002c807ba431aa3c90a135901c6a82601afe
2019/05/13 11:34:40 existing blob: sha256:8ba884070f611d31cb2c42eddb691319dc9facf5e0ec67672fcfa135181ab3df
2019/05/13 11:34:40 existing blob: sha256:afd2bf0f1a3a9fa39a75238fda60b0523996d6232cd793436b1c5850506f538a
2019/05/13 11:34:40 existing blob: sha256:6ed71736f046f12d8a15171d92fe3585d12002c278ff8ded28e9b2c88eddb034
2019/05/13 11:34:40 pushed blob sha256:a174bed6e52946f5b8613f4cd3882e116d23004b199ca20a4a7fe87efb464b04
2019/05/13 11:34:49 pushed blob sha256:63e4d6cefbbb5107c341ba57b7b5097bd9b6874eec5d82d68cbb8d591cf21e9b
2019/05/13 11:34:50 index.docker.io/jenkinsxio/builder-nodejs:0.0.0-SNAPSHOT-PR-3905-32: digest: sha256:22b128282f92af3775050d176b3bf08fe558c6b15cb755d0d306b88845eb6a30 size: 5360
Step: build-step-build-and-push-maven:

[36mINFO[0m[0000] Downloading base image gcr.io/jenkinsxio/builder-maven:0.1.404 
[36mINFO[0m[0000] Error while retrieving image from cache: getting file info: stat /workspace/sha256:bd36d3c56d1f934e0bec3880c894b871b8599993dc21c9d148a5dafe7e04f086: no such file or directory 
[36mINFO[0m[0000] Downloading base image gcr.io/jenkinsxio/builder-maven:0.1.404 
[36mINFO[0m[0001] Using files from context: [/workspace/source/build/linux/**] 
[36mINFO[0m[0001] Skipping unpacking as no commands require it. 
[36mINFO[0m[0001] Taking snapshot of full filesystem...        
[36mINFO[0m[0001] Using files from context: [/workspace/source/build/linux/**] 
[36mINFO[0m[0001] COPY build/linux/** /usr/bin/**              
[36mINFO[0m[0002] Taking snapshot of files...                  
ERROR: logging before flag.Parse: E0513 11:34:59.659124      12 metadata.go:142] while reading 'google-dockercfg' metadata: http status code: 404 while fetching url http://metadata.google.internal./computeMetadata/v1/instance/attributes/google-dockercfg
ERROR: logging before flag.Parse: E0513 11:34:59.664359      12 metadata.go:159] while reading 'google-dockercfg-url' metadata: http status code: 404 while fetching url http://metadata.google.internal./computeMetadata/v1/instance/attributes/google-dockercfg-url
2019/05/13 11:35:01 existing blob: sha256:050c86e40aca5d42bdfacf81f0f9002c807ba431aa3c90a135901c6a82601afe
2019/05/13 11:35:01 existing blob: sha256:46b86ef9996bd92108b8607f2b4ebcff006cc7714c105ec27d4a7115eae6ae0b
2019/05/13 11:35:01 existing blob: sha256:850fe1fb1f31bf0891f1f409ef2fff8dede0995e70a7c914183d7f0efc817ad9
2019/05/13 11:35:01 existing blob: sha256:418b55202fcf444fc2c9779693875598f072d004cd4f6d8d2d1ba1ff30d11e5a
2019/05/13 11:35:01 existing blob: sha256:8ba884070f611d31cb2c42eddb691319dc9facf5e0ec67672fcfa135181ab3df
2019/05/13 11:35:01 existing blob: sha256:6fc8470c731ef5e4ed82bb5d3e2e942246d70817bb9c628f7110b79c60d36167
2019/05/13 11:35:01 existing blob: sha256:0a6e1677fa1066c576658ad5d186fcc1155fb52e9579c48b2a2c653a0fdf100c
2019/05/13 11:35:01 existing blob: sha256:88f42f289cda99099875c2d201d18e50c6a444f59a41ed7bc81fc47dfe4eb3cb
2019/05/13 11:35:01 existing blob: sha256:a801b1a6ad33f0e2cd21f3ef3db529c7b4e6ffec840b7526553135041ddcdeb5
2019/05/13 11:35:01 existing blob: sha256:07c11f05f0fe46942d4ac2aa7695fca903a41bd82002831518bb69ebf2a216b9
2019/05/13 11:35:01 existing blob: sha256:5a529195a76ae36cf3dad27c2e13db407f4296dcc5041cf8582a42d1e0f2dee5
2019/05/13 11:35:01 existing blob: sha256:d05598381f5ba9c6f27603b3575bc5af22c32ea7f2433d36a1f8327cf27cb791
2019/05/13 11:35:01 existing blob: sha256:36a6199ebf41d5847778d37caae92cad9935054528a5aa0cb34b45499d7f0e5c
2019/05/13 11:35:01 existing blob: sha256:6f098dbb9bb757114e9e935dda763772c310d457464877d8e7b83d96fcdd98bd
2019/05/13 11:35:01 existing blob: sha256:8c95aa7bb181133a8bb7b33fdcd7f9d205e3a006abe9ddcfbe671e5cd974c7d1
2019/05/13 11:35:01 existing blob: sha256:3ae647bef846cd897fd444a7a2704099df434655928c1fb90d2cf658918bc3aa
2019/05/13 11:35:01 existing blob: sha256:afd2bf0f1a3a9fa39a75238fda60b0523996d6232cd793436b1c5850506f538a
2019/05/13 11:35:01 existing blob: sha256:7b79005ec4106770b17f24b8a75fa42607e5c2bbed5f27a352f937064b5aadcd
2019/05/13 11:35:01 existing blob: sha256:9b40875263d4268c553a853e1a477cae73c398235fbbeec87780e15be1d6912d
2019/05/13 11:35:01 existing blob: sha256:0698c414ddacb26bb6c3bdf1d811f15ab26a67d3864fbfa8a79bffc4ef22f6f1
2019/05/13 11:35:01 existing blob: sha256:ab97414bb69609699d24ea4a8edc61fda3372235a6aab75bf6e9d0d24f36a77a
2019/05/13 11:35:01 existing blob: sha256:70253f19954a997b26f4707cbefb9d37954a8231eb330a1ed56e96b904d7e87b
2019/05/13 11:35:01 existing blob: sha256:02d517ac5f5c959038a0089c99383af3c8f67a80480b8eb2cb40f4a063727f8d
2019/05/13 11:35:01 existing blob: sha256:3c1bec12a8f774ae626f7973c3161bda66c1ea033517cadb9a78c8b2dba5f0bd
2019/05/13 11:35:01 existing blob: sha256:4ef19eaf08cac82cdd765de13a4fe01aeef6eae81fb3e4bccfb5f269d41f9390
2019/05/13 11:35:01 existing blob: sha256:6ed71736f046f12d8a15171d92fe3585d12002c278ff8ded28e9b2c88eddb034
2019/05/13 11:35:01 existing blob: sha256:e8da5d030f2853a542157cf05e7ecd0c74effab1d31937bafff11925b6a81c7b
2019/05/13 11:35:01 existing blob: sha256:a57246cf0c532f1a18af3531551fe8a4ff65d83af32f3fc89a92c911f8c14512
2019/05/13 11:35:01 pushed blob sha256:1967e2c6b2d737b05b9445b19f0dfadeabad94f6410f57bfeaada081fe018994
2019/05/13 11:35:10 pushed blob sha256:4cbc086c13e86de4b199e72defd871163330d47d366cce727b012c0d3dc49ea3
2019/05/13 11:35:10 index.docker.io/jenkinsxio/builder-maven:0.0.0-SNAPSHOT-PR-3905-32: digest: sha256:ad8854b65d74736683b027126207dfc7a919f43b69d45ff65753899c5180ee66 size: 5029
Step: build-step-build-and-push-go:

[36mINFO[0m[0000] Downloading base image gcr.io/jenkinsxio/builder-go:0.1.404 
[36mINFO[0m[0000] Error while retrieving image from cache: getting file info: stat /workspace/sha256:1fab88a9b0a00ec0d7c125e1b64f4a5ac724d7015b16b5487d87cda4f7dcf78f: no such file or directory 
[36mINFO[0m[0000] Downloading base image gcr.io/jenkinsxio/builder-go:0.1.404 
[36mINFO[0m[0001] Using files from context: [/workspace/source/build/linux/**] 
[36mINFO[0m[0001] Skipping unpacking as no commands require it. 
[36mINFO[0m[0001] Taking snapshot of full filesystem...        
[36mINFO[0m[0001] Using files from context: [/workspace/source/build/linux/**] 
[36mINFO[0m[0001] COPY build/linux/** /usr/bin/**              
[36mINFO[0m[0002] Taking snapshot of files...                  
ERROR: logging before flag.Parse: E0513 11:35:20.028644      13 metadata.go:142] while reading 'google-dockercfg' metadata: http status code: 404 while fetching url http://metadata.google.internal./computeMetadata/v1/instance/attributes/google-dockercfg
ERROR: logging before flag.Parse: E0513 11:35:20.034558      13 metadata.go:159] while reading 'google-dockercfg-url' metadata: http status code: 404 while fetching url http://metadata.google.internal./computeMetadata/v1/instance/attributes/google-dockercfg-url
2019/05/13 11:35:21 existing blob: sha256:e8d0aaf6ed61accbb34566bcfcc33361a4581f286b73714e98eec5378476a98c
2019/05/13 11:35:21 existing blob: sha256:850fe1fb1f31bf0891f1f409ef2fff8dede0995e70a7c914183d7f0efc817ad9
2019/05/13 11:35:21 existing blob: sha256:4ef19eaf08cac82cdd765de13a4fe01aeef6eae81fb3e4bccfb5f269d41f9390
2019/05/13 11:35:21 existing blob: sha256:6f098dbb9bb757114e9e935dda763772c310d457464877d8e7b83d96fcdd98bd
2019/05/13 11:35:21 existing blob: sha256:94c6d48584a0a31771ab9a102856ca6ac55c04b0f27e9d03791a63514f78eacd
2019/05/13 11:35:21 existing blob: sha256:035372ab83f93d25f7cfca7c60e03a3c798fc9795d461422ff91537de4b11742
2019/05/13 11:35:21 existing blob: sha256:ab97414bb69609699d24ea4a8edc61fda3372235a6aab75bf6e9d0d24f36a77a
2019/05/13 11:35:21 existing blob: sha256:88f42f289cda99099875c2d201d18e50c6a444f59a41ed7bc81fc47dfe4eb3cb
2019/05/13 11:35:21 existing blob: sha256:d05598381f5ba9c6f27603b3575bc5af22c32ea7f2433d36a1f8327cf27cb791
2019/05/13 11:35:21 existing blob: sha256:6ed71736f046f12d8a15171d92fe3585d12002c278ff8ded28e9b2c88eddb034
2019/05/13 11:35:21 existing blob: sha256:36a6199ebf41d5847778d37caae92cad9935054528a5aa0cb34b45499d7f0e5c
2019/05/13 11:35:21 existing blob: sha256:acd61ab60704a1aaa24c75c30e778c4dfd4a628cae65c6f1323085e333938608
2019/05/13 11:35:21 existing blob: sha256:71eee28a31c54db85752b426ac731d4fed8173741d9ef5fdd6e767257d1faa94
2019/05/13 11:35:21 existing blob: sha256:02d517ac5f5c959038a0089c99383af3c8f67a80480b8eb2cb40f4a063727f8d
2019/05/13 11:35:21 existing blob: sha256:6e2afffe6a36254f5e314db1608a835ebe27c3de13fedd592f6e0354ee86a8c4
2019/05/13 11:35:21 existing blob: sha256:8c95aa7bb181133a8bb7b33fdcd7f9d205e3a006abe9ddcfbe671e5cd974c7d1
2019/05/13 11:35:21 existing blob: sha256:8062a5b488949100eaed1d0bee2eaa428058149c5ce1642f38863c638f1f5d77
2019/05/13 11:35:21 existing blob: sha256:70253f19954a997b26f4707cbefb9d37954a8231eb330a1ed56e96b904d7e87b
2019/05/13 11:35:21 existing blob: sha256:418b55202fcf444fc2c9779693875598f072d004cd4f6d8d2d1ba1ff30d11e5a
2019/05/13 11:35:21 existing blob: sha256:3ae647bef846cd897fd444a7a2704099df434655928c1fb90d2cf658918bc3aa
2019/05/13 11:35:21 existing blob: sha256:0698c414ddacb26bb6c3bdf1d811f15ab26a67d3864fbfa8a79bffc4ef22f6f1
2019/05/13 11:35:21 existing blob: sha256:a57246cf0c532f1a18af3531551fe8a4ff65d83af32f3fc89a92c911f8c14512
2019/05/13 11:35:21 existing blob: sha256:a801b1a6ad33f0e2cd21f3ef3db529c7b4e6ffec840b7526553135041ddcdeb5
2019/05/13 11:35:21 existing blob: sha256:afd2bf0f1a3a9fa39a75238fda60b0523996d6232cd793436b1c5850506f538a
2019/05/13 11:35:21 existing blob: sha256:41eb976331fc879d4f0cc324607fc5ef8602d5404769141f71857692e11ea41c
2019/05/13 11:35:21 existing blob: sha256:b9adc42f5493999d3190d739eb11ccc9c2ef9fdcf68c602eae2b21e0f00c4536
2019/05/13 11:35:21 existing blob: sha256:46b86ef9996bd92108b8607f2b4ebcff006cc7714c105ec27d4a7115eae6ae0b
2019/05/13 11:35:21 existing blob: sha256:101a6b5276ffc3e5d8ebdc3c82112bb6e86025dffb9ae4a081bb08f8e97e54c4
2019/05/13 11:35:21 existing blob: sha256:6fc8470c731ef5e4ed82bb5d3e2e942246d70817bb9c628f7110b79c60d36167
2019/05/13 11:35:21 existing blob: sha256:8ba884070f611d31cb2c42eddb691319dc9facf5e0ec67672fcfa135181ab3df
2019/05/13 11:35:21 existing blob: sha256:9b40875263d4268c553a853e1a477cae73c398235fbbeec87780e15be1d6912d
2019/05/13 11:35:21 existing blob: sha256:5a529195a76ae36cf3dad27c2e13db407f4296dcc5041cf8582a42d1e0f2dee5
2019/05/13 11:35:21 existing blob: sha256:050c86e40aca5d42bdfacf81f0f9002c807ba431aa3c90a135901c6a82601afe
2019/05/13 11:35:21 existing blob: sha256:0a6e1677fa1066c576658ad5d186fcc1155fb52e9579c48b2a2c653a0fdf100c
2019/05/13 11:35:21 existing blob: sha256:07c11f05f0fe46942d4ac2aa7695fca903a41bd82002831518bb69ebf2a216b9
2019/05/13 11:35:21 existing blob: sha256:e8da5d030f2853a542157cf05e7ecd0c74effab1d31937bafff11925b6a81c7b
2019/05/13 11:35:21 existing blob: sha256:c7559a8cdd9cb44a46c817db0bdc08d43db572d71c2e2551a6361443c97125a4
2019/05/13 11:35:22 pushed blob sha256:85e037e5bb2c75f31ac03b4a2076985d17d562034d35d9856e568a01aa5e0dd3
2019/05/13 11:35:31 pushed blob sha256:5160e990f51945da3a97b49980a6e532c75d2c8867d9e0e7056c7a38d5347cc0
2019/05/13 11:35:32 index.docker.io/jenkinsxio/builder-go:0.0.0-SNAPSHOT-PR-3905-32: digest: sha256:bce8a71b5356abbc339801576edfc864ee724d0d8d4b5eb2722ade3ad01afdbd size: 6511
Step: build-step-preview:

verifying Pull Request

1.3.1032
Generated Git credentials file /builder/home/git/credentials
Activated service account credentials for: [**-bdd-shared-cluster@jenkins-x-infra.iam.gserviceaccount.com]
Fetching cluster endpoint and auth data.
kubeconfig entry generated for **-bdd-tests.
the myvalues.yaml file is:
# override the build pod images
jenkins:
  Agent:
    PodTemplates:
      Maven:
        Containers:
          Maven:
            Image: jenkinsxio/builder-maven:0.0.0-SNAPSHOT-PR-3905-32
      Nodejs:
        Containers:
          Nodejs:
            Image: jenkinsxio/builder-nodejs:0.0.0-SNAPSHOT-PR-3905-32
      Go:
        Containers:
          Go:
            Image: jenkinsxio/builder-go:0.0.0-SNAPSHOT-PR-3905-32

# disable stuff
pipelinecontroller:
  enabled: false
monocular:
  enabled: false

# service link nexus
nexus:
  enabled: false
nexusServiceLink:
  enabled: true
  externalName: "nexus.**.svc.cluster.local"

# service link chartmuseum
chartmuseum:
  enabled: false
chartmuseumServiceLink:
  enabled: true
  externalName: "jenkins-x-chartmuseum.**.svc.cluster.local"
creating team: pr-3905-
Creating team bdd-ghe-**-pr-3905-32
Setting the dev namespace to: bdd-ghe-**-pr-3905-32
Namespace bdd-ghe-**-pr-3905-32 created 
 
Using helmBinary helm with feature flag: none
Context "gke_jenkins-x-infra_europe-west1-c_**-bdd-tests" modified.
Storing the kubernetes provider gke in the TeamSettings
Enabling helm template mode in the TeamSettings
Git configured for user: JenkinsXBot and email jenkins-x@googlegroups.com
Using helm2
Skipping tiller
Using helmBinary helm with feature flag: template-mode
Initialising Helm 'init --client-only'
helm installed and configured
cloning repository https://github.com/jenkins-x-buildpacks/jenkins-x-kubernetes.git to dir /builder/home/.**/draft/packs/github.com/jenkins-x-buildpacks/jenkins-x-kubernetes
ran git init in /builder/home/.**/draft/packs/github.com/jenkins-x-buildpacks/jenkins-x-kubernetes
ran git add remote origin https://github.com/jenkins-x-buildpacks/jenkins-x-kubernetes.git in /builder/home/.**/draft/packs/github.com/jenkins-x-buildpacks/jenkins-x-kubernetes
ran git fetch origin --depth=1 master in dir /builder/home/.**/draft/packs/github.com/jenkins-x-buildpacks/jenkins-x-kubernetes
ran git reset --hard origin/master in directory /builder/home/.**/draft/packs/github.com/jenkins-x-buildpacks/jenkins-x-kubernetes
ran git branch --set-upstream-to origin/master master in directory /builder/home/.**/draft/packs/github.com/jenkins-x-buildpacks/jenkins-x-kubernetes
existing ingress controller found, no need to install a new one
Waiting for external loadbalancer to be created and update the nginx-ingress-controller service in kube-system namespace
Note: this loadbalancer will fail to be provisioned if you have insufficient quotas, this can happen easily on a GKE free account. To view quotas run: gcloud compute project-info describe
External loadbalancer created
Waiting to find the external host name of the ingress controller Service in namespace kube-system with name **ing-nginx-ingress-controller
No domain flag provided so using default 35.205.242.160.nip.io to generate Ingress rules
nginx ingress controller installed and configured
Lets set up a Git user name and API token to be able to perform CI/CD

Select the CI/CD pipelines Git server and user
Setting the pipelines Git server https://github.beescloud.com and user name ****.
Saving the Git authentication configuration
Current configuration dir: /builder/home/.**
versionRepository: https://github.com/jenkins-x/jenkins-x-versions.git git ref: 
Deleting and cloning the Jenkins X versions repo
Cloning the Jenkins X versions repo https://github.com/jenkins-x/jenkins-x-versions.git master branch to /builder/home/.**/jenkins-x-versions
cloning repository https://github.com/jenkins-x/jenkins-x-versions.git to dir /builder/home/.**/jenkins-x-versions
ran git init in /builder/home/.**/jenkins-x-versions
ran git add remote origin https://github.com/jenkins-x/jenkins-x-versions.git in /builder/home/.**/jenkins-x-versions
ran git fetch origin --depth=1 refs/heads/master in dir /builder/home/.**/jenkins-x-versions
error: Failed to install team bdd-ghe-**-pr-3905-32: cloning the ** versions repo: failed to reset hard to origin/refs/heads/master in directory /builder/home/.**/jenkins-x-versions: git version 2.8.4 output: fatal: ambiguous argument 'origin/refs/heads/master': unknown revision or path not in the working tree.
Use '--' to separate paths from revisions, like this:
'git <command> [<revision>...] -- [<file>...]': failed to run 'git reset --hard origin/refs/heads/master' command in directory '/builder/home/.**/jenkins-x-versions', output: 'fatal: ambiguous argument 'origin/refs/heads/master': unknown revision or path not in the working tree.
Use '--' to separate paths from revisions, like this:
'git <command> [<revision>...] -- [<file>...]''
{"component":"entrypoint","error":"wrapped process failed: exit status 1","level":"error","msg":"Error executing test process","time":"2019-05-13T11:35:50Z"}
